{"/home/runner/work/Ai-For-Governance/Ai-For-Governance/frontend/components/Breadcrumb.tsx": {"path":"/home/runner/work/Ai-For-Governance/Ai-For-Governance/frontend/components/Breadcrumb.tsx","statementMap":{"0":{"start":{"line":11,"column":0},"end":{"line":11,"column":16}},"1":{"start":{"line":3,"column":0},"end":{"line":3,"column":46}},"2":{"start":{"line":4,"column":0},"end":{"line":4,"column":29}},"3":{"start":{"line":12,"column":19},"end":{"line":12,"column":32}},"4":{"start":{"line":14,"column":25},"end":{"line":26,"column":3}},"5":{"start":{"line":15,"column":18},"end":{"line":15,"column":53}},"6":{"start":{"line":16,"column":42},"end":{"line":16,"column":71}},"7":{"start":{"line":18,"column":22},"end":{"line":18,"column":24}},"8":{"start":{"line":19,"column":4},"end":{"line":23,"column":7}},"9":{"start":{"line":20,"column":6},"end":{"line":20,"column":32}},"10":{"start":{"line":21,"column":19},"end":{"line":21,"column":81}},"11":{"start":{"line":22,"column":6},"end":{"line":22,"column":52}},"12":{"start":{"line":25,"column":4},"end":{"line":25,"column":23}},"13":{"start":{"line":28,"column":22},"end":{"line":28,"column":38}},"14":{"start":{"line":30,"column":2},"end":{"line":30,"column":43}},"15":{"start":{"line":30,"column":31},"end":{"line":30,"column":43}},"16":{"start":{"line":32,"column":2},"end":{"line":50,"column":4}},"17":{"start":{"line":35,"column":8},"end":{"line":35,"column":30}}},"fnMap":{"0":{"name":"Breadcrumb","decl":{"start":{"line":11,"column":16},"end":{"line":11,"column":26}},"loc":{"start":{"line":11,"column":26},"end":{"line":51,"column":1}}},"1":{"name":"(anonymous_2)","decl":{"start":{"line":14,"column":25},"end":{"line":14,"column":46}},"loc":{"start":{"line":14,"column":48},"end":{"line":26,"column":3}}},"2":{"name":"(anonymous_3)","decl":{"start":{"line":19,"column":18},"end":{"line":19,"column":19}},"loc":{"start":{"line":19,"column":34},"end":{"line":23,"column":5}}},"3":{"name":"(anonymous_4)","decl":{"start":{"line":34,"column":23},"end":{"line":34,"column":24}},"loc":{"start":{"line":35,"column":8},"end":{"line":35,"column":30}}}},"branchMap":{"0":{"loc":{"start":{"line":30,"column":2},"end":{"line":30,"column":43}},"type":"if","locations":[{"start":{"line":30,"column":2},"end":{"line":30,"column":43}}]},"1":{"loc":{"start":{"line":36,"column":11},"end":{"line":36,"column":55}},"type":"binary-expr","locations":[{"start":{"line":36,"column":11},"end":{"line":36,"column":20}},{"start":{"line":36,"column":24},"end":{"line":36,"column":55}}]},"2":{"loc":{"start":{"line":37,"column":11},"end":{"line":45,"column":null}},"type":"cond-expr","locations":[{"start":{"line":38,"column":12},"end":{"line":38,"column":73}},{"start":{"line":40,"column":12},"end":{"line":44,"column":null}}]}},"s":{"0":1,"1":1,"2":1,"3":8,"4":8,"5":8,"6":8,"7":8,"8":8,"9":9,"10":9,"11":9,"12":8,"13":8,"14":8,"15":1,"16":7,"17":16},"f":{"0":8,"1":8,"2":9,"3":16},"b":{"0":[1],"1":[16,9],"2":[7,9]}}
,"/home/runner/work/Ai-For-Governance/Ai-For-Governance/frontend/components/Card.tsx": {"path":"/home/runner/work/Ai-For-Governance/Ai-For-Governance/frontend/components/Card.tsx","statementMap":{"0":{"start":{"line":3,"column":0},"end":{"line":3,"column":16}},"1":{"start":{"line":12,"column":19},"end":{"line":12,"column":26}},"2":{"start":{"line":14,"column":2},"end":{"line":33,"column":4}}},"fnMap":{"0":{"name":"Card","decl":{"start":{"line":3,"column":16},"end":{"line":3,"column":20}},"loc":{"start":{"line":11,"column":1},"end":{"line":34,"column":1}}}},"branchMap":{"0":{"loc":{"start":{"line":6,"column":2},"end":{"line":6,"column":16}},"type":"default-arg","locations":[{"start":{"line":6,"column":14},"end":{"line":6,"column":16}}]},"1":{"loc":{"start":{"line":22,"column":9},"end":{"line":28,"column":null}},"type":"binary-expr","locations":[{"start":{"line":22,"column":9},"end":{"line":22,"column":17}},{"start":{"line":23,"column":10},"end":{"line":27,"column":null}}]}},"s":{"0":3,"1":18,"2":18},"f":{"0":18},"b":{"0":[17],"1":[18,14]}}
,"/home/runner/work/Ai-For-Governance/Ai-For-Governance/frontend/components/ErrorBoundary.tsx": {"path":"/home/runner/work/Ai-For-Governance/Ai-For-Governance/frontend/components/ErrorBoundary.tsx","statementMap":{"0":{"start":{"line":3,"column":0},"end":{"line":3,"column":41}},"1":{"start":{"line":17,"column":4},"end":{"line":17,"column":17}},"2":{"start":{"line":18,"column":4},"end":{"line":18,"column":37}},"3":{"start":{"line":22,"column":4},"end":{"line":22,"column":37}},"4":{"start":{"line":26,"column":4},"end":{"line":26,"column":65}},"5":{"start":{"line":30,"column":4},"end":{"line":48,"column":5}},"6":{"start":{"line":31,"column":6},"end":{"line":47,"column":8}},"7":{"start":{"line":40,"column":29},"end":{"line":40,"column":63}},"8":{"start":{"line":50,"column":4},"end":{"line":50,"column":31}},"9":{"start":{"line":15,"column":0},"end":{"line":15,"column":13}}},"fnMap":{"0":{"name":"(anonymous_1)","decl":{"start":{"line":16,"column":2},"end":{"line":16,"column":14}},"loc":{"start":{"line":16,"column":39},"end":{"line":19,"column":3}}},"1":{"name":"(anonymous_2)","decl":{"start":{"line":21,"column":2},"end":{"line":21,"column":8}},"loc":{"start":{"line":21,"column":46},"end":{"line":23,"column":3}}},"2":{"name":"(anonymous_3)","decl":{"start":{"line":25,"column":2},"end":{"line":25,"column":19}},"loc":{"start":{"line":25,"column":60},"end":{"line":27,"column":3}}},"3":{"name":"(anonymous_4)","decl":{"start":{"line":29,"column":2},"end":{"line":29,"column":8}},"loc":{"start":{"line":29,"column":8},"end":{"line":51,"column":3}}},"4":{"name":"(anonymous_5)","decl":{"start":{"line":40,"column":23},"end":{"line":40,"column":26}},"loc":{"start":{"line":40,"column":29},"end":{"line":40,"column":63}}}},"branchMap":{"0":{"loc":{"start":{"line":30,"column":4},"end":{"line":48,"column":5}},"type":"if","locations":[{"start":{"line":30,"column":4},"end":{"line":48,"column":5}}]},"1":{"loc":{"start":{"line":32,"column":8},"end":{"line":45,"column":null}},"type":"binary-expr","locations":[{"start":{"line":32,"column":8},"end":{"line":32,"column":27}},{"start":{"line":33,"column":10},"end":{"line":44,"column":null}}]},"2":{"loc":{"start":{"line":37,"column":15},"end":{"line":37,"column":74}},"type":"binary-expr","locations":[{"start":{"line":37,"column":15},"end":{"line":37,"column":40}},{"start":{"line":37,"column":44},"end":{"line":37,"column":74}}]}},"s":{"0":1,"1":12,"2":11,"3":10,"4":5,"5":22,"6":10,"7":1,"8":12,"9":1},"f":{"0":12,"1":10,"2":5,"3":22,"4":1},"b":{"0":[10],"1":[10,8],"2":[8,2]}}
,"/home/runner/work/Ai-For-Governance/Ai-For-Governance/frontend/components/ImpactMap.tsx": {"path":"/home/runner/work/Ai-For-Governance/Ai-For-Governance/frontend/components/ImpactMap.tsx","statementMap":{"0":{"start":{"line":3,"column":0},"end":{"line":3,"column":16}},"1":{"start":{"line":1,"column":0},"end":{"line":1,"column":26}},"2":{"start":{"line":4,"column":2},"end":{"line":39,"column":4}},"3":{"start":{"line":18,"column":12},"end":{"line":18,"column":25}},"4":{"start":{"line":31,"column":12},"end":{"line":31,"column":25}}},"fnMap":{"0":{"name":"ImpactMap","decl":{"start":{"line":3,"column":16},"end":{"line":3,"column":25}},"loc":{"start":{"line":3,"column":92},"end":{"line":40,"column":1}}},"1":{"name":"(anonymous_2)","decl":{"start":{"line":17,"column":27},"end":{"line":17,"column":28}},"loc":{"start":{"line":18,"column":12},"end":{"line":18,"column":25}}},"2":{"name":"(anonymous_3)","decl":{"start":{"line":30,"column":23},"end":{"line":30,"column":24}},"loc":{"start":{"line":31,"column":12},"end":{"line":31,"column":25}}}},"branchMap":{},"s":{"0":1,"1":1,"2":6,"3":10,"4":10},"f":{"0":6,"1":10,"2":10},"b":{}}
,"/home/runner/work/Ai-For-Governance/Ai-For-Governance/frontend/components/LoadingState.tsx": {"path":"/home/runner/work/Ai-For-Governance/Ai-For-Governance/frontend/components/LoadingState.tsx","statementMap":{"0":{"start":{"line":10,"column":0},"end":{"line":10,"column":16}},"1":{"start":{"line":3,"column":0},"end":{"line":3,"column":36}},"2":{"start":{"line":11,"column":27},"end":{"line":13,"column":46}},"3":{"start":{"line":15,"column":2},"end":{"line":24,"column":4}}},"fnMap":{"0":{"name":"LoadingState","decl":{"start":{"line":10,"column":16},"end":{"line":10,"column":28}},"loc":{"start":{"line":10,"column":94},"end":{"line":25,"column":1}}}},"branchMap":{"0":{"loc":{"start":{"line":10,"column":31},"end":{"line":10,"column":53}},"type":"default-arg","locations":[{"start":{"line":10,"column":41},"end":{"line":10,"column":53}}]},"1":{"loc":{"start":{"line":10,"column":55},"end":{"line":10,"column":73}},"type":"default-arg","locations":[{"start":{"line":10,"column":68},"end":{"line":10,"column":73}}]},"2":{"loc":{"start":{"line":11,"column":27},"end":{"line":13,"column":46}},"type":"cond-expr","locations":[{"start":{"line":12,"column":6},"end":{"line":12,"column":88}},{"start":{"line":13,"column":6},"end":{"line":13,"column":46}}]}},"s":{"0":1,"1":1,"2":5,"3":5},"f":{"0":5},"b":{"0":[4],"1":[4],"2":[1,4]}}
,"/home/runner/work/Ai-For-Governance/Ai-For-Governance/frontend/components/LoginForm.tsx": {"path":"/home/runner/work/Ai-For-Governance/Ai-For-Governance/frontend/components/LoginForm.tsx","statementMap":{"0":{"start":{"line":7,"column":0},"end":{"line":7,"column":16}},"1":{"start":{"line":3,"column":0},"end":{"line":3,"column":33}},"2":{"start":{"line":4,"column":0},"end":{"line":4,"column":49}},"3":{"start":{"line":5,"column":0},"end":{"line":5,"column":44}},"4":{"start":{"line":8,"column":28},"end":{"line":8,"column":40}},"5":{"start":{"line":9,"column":34},"end":{"line":9,"column":46}},"6":{"start":{"line":10,"column":42},"end":{"line":10,"column":57}},"7":{"start":{"line":11,"column":38},"end":{"line":11,"column":47}},"8":{"start":{"line":12,"column":17},"end":{"line":12,"column":28}},"9":{"start":{"line":14,"column":23},"end":{"line":23,"column":3}},"10":{"start":{"line":15,"column":4},"end":{"line":15,"column":23}},"11":{"start":{"line":16,"column":4},"end":{"line":22,"column":5}},"12":{"start":{"line":17,"column":6},"end":{"line":17,"column":35}},"13":{"start":{"line":18,"column":6},"end":{"line":18,"column":33}},"14":{"start":{"line":18,"column":21},"end":{"line":18,"column":33}},"15":{"start":{"line":19,"column":6},"end":{"line":19,"column":32}},"16":{"start":{"line":25,"column":2},"end":{"line":74,"column":4}},"17":{"start":{"line":32,"column":27},"end":{"line":32,"column":51}},"18":{"start":{"line":45,"column":29},"end":{"line":45,"column":56}},"19":{"start":{"line":52,"column":27},"end":{"line":52,"column":57}}},"fnMap":{"0":{"name":"LoginForm","decl":{"start":{"line":7,"column":16},"end":{"line":7,"column":25}},"loc":{"start":{"line":7,"column":67},"end":{"line":75,"column":1}}},"1":{"name":"(anonymous_1)","decl":{"start":{"line":14,"column":23},"end":{"line":14,"column":28}},"loc":{"start":{"line":14,"column":52},"end":{"line":23,"column":3}}},"2":{"name":"(anonymous_2)","decl":{"start":{"line":32,"column":20},"end":{"line":32,"column":21}},"loc":{"start":{"line":32,"column":27},"end":{"line":32,"column":51}}},"3":{"name":"(anonymous_3)","decl":{"start":{"line":45,"column":22},"end":{"line":45,"column":23}},"loc":{"start":{"line":45,"column":29},"end":{"line":45,"column":56}}},"4":{"name":"(anonymous_4)","decl":{"start":{"line":52,"column":21},"end":{"line":52,"column":24}},"loc":{"start":{"line":52,"column":27},"end":{"line":52,"column":57}}}},"branchMap":{"0":{"loc":{"start":{"line":18,"column":6},"end":{"line":18,"column":33}},"type":"if","locations":[{"start":{"line":18,"column":6},"end":{"line":18,"column":33}}]},"1":{"loc":{"start":{"line":43,"column":18},"end":{"line":43,"column":52}},"type":"cond-expr","locations":[{"start":{"line":43,"column":33},"end":{"line":43,"column":39}},{"start":{"line":43,"column":42},"end":{"line":43,"column":52}}]},"2":{"loc":{"start":{"line":55,"column":13},"end":{"line":55,"column":43}},"type":"cond-expr","locations":[{"start":{"line":55,"column":28},"end":{"line":55,"column":34}},{"start":{"line":55,"column":37},"end":{"line":55,"column":43}}]},"3":{"loc":{"start":{"line":60,"column":7},"end":{"line":63,"column":null}},"type":"binary-expr","locations":[{"start":{"line":60,"column":7},"end":{"line":60,"column":12}},{"start":{"line":61,"column":8},"end":{"line":62,"column":null}}]},"4":{"loc":{"start":{"line":71,"column":9},"end":{"line":71,"column":46}},"type":"cond-expr","locations":[{"start":{"line":71,"column":21},"end":{"line":71,"column":36}},{"start":{"line":71,"column":39},"end":{"line":71,"column":46}}]}},"s":{"0":1,"1":1,"2":1,"3":1,"4":15,"5":15,"6":15,"7":15,"8":15,"9":15,"10":4,"11":4,"12":4,"13":3,"14":1,"15":3,"16":15,"17":1,"18":1,"19":2},"f":{"0":15,"1":4,"2":1,"3":1,"4":2},"b":{"0":[1],"1":[1,14],"2":[1,14],"3":[15,1],"4":[2,13]}}
,"/home/runner/work/Ai-For-Governance/Ai-For-Governance/frontend/components/NavigationHeader.tsx": {"path":"/home/runner/work/Ai-For-Governance/Ai-For-Governance/frontend/components/NavigationHeader.tsx","statementMap":{"0":{"start":{"line":23,"column":0},"end":{"line":23,"column":16}},"1":{"start":{"line":3,"column":0},"end":{"line":3,"column":44}},"2":{"start":{"line":4,"column":0},"end":{"line":4,"column":57}},"3":{"start":{"line":5,"column":0},"end":{"line":5,"column":49}},"4":{"start":{"line":6,"column":0},"end":{"line":6,"column":29}},"5":{"start":{"line":15,"column":30},"end":{"line":21,"column":2}},"6":{"start":{"line":24,"column":38},"end":{"line":24,"column":53}},"7":{"start":{"line":25,"column":50},"end":{"line":25,"column":65}},"8":{"start":{"line":26,"column":19},"end":{"line":26,"column":32}},"9":{"start":{"line":27,"column":17},"end":{"line":27,"column":28}},"10":{"start":{"line":28,"column":34},"end":{"line":28,"column":43}},"11":{"start":{"line":30,"column":2},"end":{"line":36,"column":9}},"12":{"start":{"line":31,"column":25},"end":{"line":33,"column":5}},"13":{"start":{"line":32,"column":6},"end":{"line":32,"column":41}},"14":{"start":{"line":34,"column":4},"end":{"line":34,"column":52}},"15":{"start":{"line":35,"column":4},"end":{"line":35,"column":68}},"16":{"start":{"line":35,"column":17},"end":{"line":35,"column":67}},"17":{"start":{"line":38,"column":23},"end":{"line":42,"column":3}},"18":{"start":{"line":39,"column":4},"end":{"line":39,"column":13}},"19":{"start":{"line":40,"column":4},"end":{"line":40,"column":25}},"20":{"start":{"line":41,"column":4},"end":{"line":41,"column":31}},"21":{"start":{"line":44,"column":29},"end":{"line":45,"column":null}},"22":{"start":{"line":45,"column":4},"end":{"line":45,"column":54}},"23":{"start":{"line":48,"column":22},"end":{"line":48,"column":88}},"24":{"start":{"line":48,"column":46},"end":{"line":48,"column":68}},"25":{"start":{"line":50,"column":2},"end":{"line":215,"column":4}},"26":{"start":{"line":83,"column":16},"end":{"line":84,"column":null}},"27":{"start":{"line":137,"column":31},"end":{"line":137,"column":69}},"28":{"start":{"line":157,"column":16},"end":{"line":158,"column":null}},"29":{"start":{"line":160,"column":33},"end":{"line":160,"column":59}},"30":{"start":{"line":193,"column":35},"end":{"line":193,"column":61}},"31":{"start":{"line":200,"column":35},"end":{"line":200,"column":61}}},"fnMap":{"0":{"name":"NavigationHeader","decl":{"start":{"line":23,"column":16},"end":{"line":23,"column":32}},"loc":{"start":{"line":23,"column":32},"end":{"line":216,"column":1}}},"1":{"name":"(anonymous_2)","decl":{"start":{"line":30,"column":12},"end":{"line":30,"column":15}},"loc":{"start":{"line":30,"column":17},"end":{"line":36,"column":3}}},"2":{"name":"(anonymous_3)","decl":{"start":{"line":31,"column":25},"end":{"line":31,"column":28}},"loc":{"start":{"line":31,"column":30},"end":{"line":33,"column":5}}},"3":{"name":"(anonymous_4)","decl":{"start":{"line":35,"column":11},"end":{"line":35,"column":14}},"loc":{"start":{"line":35,"column":17},"end":{"line":35,"column":67}}},"4":{"name":"(anonymous_5)","decl":{"start":{"line":38,"column":23},"end":{"line":38,"column":26}},"loc":{"start":{"line":38,"column":28},"end":{"line":42,"column":3}}},"5":{"name":"(anonymous_6)","decl":{"start":{"line":44,"column":47},"end":{"line":44,"column":51}},"loc":{"start":{"line":45,"column":4},"end":{"line":45,"column":54}}},"6":{"name":"(anonymous_7)","decl":{"start":{"line":48,"column":38},"end":{"line":48,"column":42}},"loc":{"start":{"line":48,"column":46},"end":{"line":48,"column":68}}},"7":{"name":"(anonymous_8)","decl":{"start":{"line":82,"column":38},"end":{"line":82,"column":39}},"loc":{"start":{"line":83,"column":16},"end":{"line":84,"column":null}}},"8":{"name":"(anonymous_9)","decl":{"start":{"line":137,"column":25},"end":{"line":137,"column":28}},"loc":{"start":{"line":137,"column":31},"end":{"line":137,"column":69}}},"9":{"name":"(anonymous_10)","decl":{"start":{"line":156,"column":38},"end":{"line":156,"column":39}},"loc":{"start":{"line":157,"column":16},"end":{"line":158,"column":null}}},"10":{"name":"(anonymous_11)","decl":{"start":{"line":160,"column":27},"end":{"line":160,"column":30}},"loc":{"start":{"line":160,"column":33},"end":{"line":160,"column":59}}},"11":{"name":"(anonymous_12)","decl":{"start":{"line":193,"column":29},"end":{"line":193,"column":32}},"loc":{"start":{"line":193,"column":35},"end":{"line":193,"column":61}}},"12":{"name":"(anonymous_13)","decl":{"start":{"line":200,"column":29},"end":{"line":200,"column":32}},"loc":{"start":{"line":200,"column":35},"end":{"line":200,"column":61}}}},"branchMap":{"0":{"loc":{"start":{"line":45,"column":4},"end":{"line":45,"column":54}},"type":"binary-expr","locations":[{"start":{"line":45,"column":4},"end":{"line":45,"column":22}},{"start":{"line":45,"column":27},"end":{"line":45,"column":44}},{"start":{"line":45,"column":48},"end":{"line":45,"column":53}}]},"1":{"loc":{"start":{"line":48,"column":22},"end":{"line":48,"column":88}},"type":"binary-expr","locations":[{"start":{"line":48,"column":22},"end":{"line":48,"column":75}},{"start":{"line":48,"column":79},"end":{"line":48,"column":88}}]},"2":{"loc":{"start":{"line":54,"column":10},"end":{"line":56,"column":null}},"type":"cond-expr","locations":[{"start":{"line":55,"column":14},"end":{"line":55,"column":106}},{"start":{"line":56,"column":14},"end":{"line":56,"column":null}}]},"3":{"loc":{"start":{"line":87,"column":20},"end":{"line":89,"column":null}},"type":"cond-expr","locations":[{"start":{"line":88,"column":24},"end":{"line":88,"column":74}},{"start":{"line":89,"column":24},"end":{"line":89,"column":null}}]},"4":{"loc":{"start":{"line":100,"column":15},"end":{"line":132,"column":null}},"type":"cond-expr","locations":[{"start":{"line":101,"column":16},"end":{"line":116,"column":null}},{"start":{"line":119,"column":16},"end":{"line":131,"column":null}}]},"5":{"loc":{"start":{"line":104,"column":23},"end":{"line":104,"column":56}},"type":"binary-expr","locations":[{"start":{"line":104,"column":23},"end":{"line":104,"column":38}},{"start":{"line":104,"column":42},"end":{"line":104,"column":56}}]},"6":{"loc":{"start":{"line":141,"column":19},"end":{"line":144,"column":null}},"type":"cond-expr","locations":[{"start":{"line":142,"column":20},"end":{"line":142,"column":114}},{"start":{"line":144,"column":20},"end":{"line":144,"column":117}}]},"7":{"loc":{"start":{"line":153,"column":9},"end":{"line":208,"column":null}},"type":"binary-expr","locations":[{"start":{"line":153,"column":9},"end":{"line":153,"column":25}},{"start":{"line":154,"column":10},"end":{"line":207,"column":null}}]},"8":{"loc":{"start":{"line":162,"column":20},"end":{"line":164,"column":null}},"type":"cond-expr","locations":[{"start":{"line":163,"column":24},"end":{"line":163,"column":74}},{"start":{"line":164,"column":24},"end":{"line":164,"column":null}}]},"9":{"loc":{"start":{"line":172,"column":15},"end":{"line":205,"column":null}},"type":"cond-expr","locations":[{"start":{"line":173,"column":16},"end":{"line":187,"column":null}},{"start":{"line":190,"column":16},"end":{"line":204,"column":null}}]},"10":{"loc":{"start":{"line":176,"column":23},"end":{"line":176,"column":56}},"type":"binary-expr","locations":[{"start":{"line":176,"column":23},"end":{"line":176,"column":38}},{"start":{"line":176,"column":42},"end":{"line":176,"column":56}}]}},"s":{"0":1,"1":1,"2":1,"3":1,"4":1,"5":1,"6":17,"7":16,"8":16,"9":16,"10":16,"11":16,"12":12,"13":1,"14":12,"15":12,"16":12,"17":16,"18":2,"19":2,"20":2,"21":16,"22":80,"23":16,"24":16,"25":16,"26":62,"27":3,"28":11,"29":0,"30":0,"31":0},"f":{"0":17,"1":12,"2":1,"3":12,"4":2,"5":80,"6":16,"7":62,"8":3,"9":11,"10":0,"11":0,"12":0},"b":{"0":[80,32,32],"1":[16,0],"2":[0,16],"3":[32,30],"4":[7,9],"5":[7,1],"6":[3,13],"7":[16,3],"8":[6,5],"9":[1,2],"10":[1,0]}}
,"/home/runner/work/Ai-For-Governance/Ai-For-Governance/frontend/components/PolicyFlow.tsx": {"path":"/home/runner/work/Ai-For-Governance/Ai-For-Governance/frontend/components/PolicyFlow.tsx","statementMap":{"0":{"start":{"line":1,"column":0},"end":{"line":1,"column":16}},"1":{"start":{"line":2,"column":16},"end":{"line":9,"column":4}},"2":{"start":{"line":11,"column":2},"end":{"line":43,"column":4}},"3":{"start":{"line":16,"column":10},"end":{"line":16,"column":32}}},"fnMap":{"0":{"name":"PolicyFlow","decl":{"start":{"line":1,"column":16},"end":{"line":1,"column":26}},"loc":{"start":{"line":1,"column":26},"end":{"line":44,"column":1}}},"1":{"name":"(anonymous_1)","decl":{"start":{"line":15,"column":19},"end":{"line":15,"column":20}},"loc":{"start":{"line":16,"column":10},"end":{"line":16,"column":32}}}},"branchMap":{"0":{"loc":{"start":{"line":21,"column":18},"end":{"line":23,"column":null}},"type":"cond-expr","locations":[{"start":{"line":22,"column":22},"end":{"line":22,"column":89}},{"start":{"line":23,"column":22},"end":{"line":23,"column":null}}]},"1":{"loc":{"start":{"line":33,"column":15},"end":{"line":37,"column":22}},"type":"cond-expr","locations":[{"start":{"line":34,"column":16},"end":{"line":34,"column":null}},{"start":{"line":37,"column":18},"end":{"line":37,"column":22}}]}},"s":{"0":1,"1":4,"2":4,"3":24},"f":{"0":4,"1":24},"b":{"0":[8,16],"1":[8,16]}}
,"/home/runner/work/Ai-For-Governance/Ai-For-Governance/frontend/components/PredictiveAnalytics.tsx": {"path":"/home/runner/work/Ai-For-Governance/Ai-For-Governance/frontend/components/PredictiveAnalytics.tsx","statementMap":{"0":{"start":{"line":25,"column":0},"end":{"line":25,"column":16}},"1":{"start":{"line":141,"column":0},"end":{"line":141,"column":16}},"2":{"start":{"line":3,"column":0},"end":{"line":3,"column":32}},"3":{"start":{"line":4,"column":0},"end":{"line":4,"column":30}},"4":{"start":{"line":5,"column":0},"end":{"line":5,"column":30}},"5":{"start":{"line":26,"column":29},"end":{"line":26,"column":85}},"6":{"start":{"line":27,"column":27},"end":{"line":27,"column":65}},"7":{"start":{"line":28,"column":29},"end":{"line":28,"column":85}},"8":{"start":{"line":29,"column":25},"end":{"line":29,"column":68}},"9":{"start":{"line":31,"column":2},"end":{"line":67,"column":4}},"10":{"start":{"line":70,"column":2},"end":{"line":107,"column":4}},"11":{"start":{"line":78,"column":10},"end":{"line":78,"column":23}},"12":{"start":{"line":111,"column":14},"end":{"line":111,"column":88}},"13":{"start":{"line":113,"column":2},"end":{"line":137,"column":4}},"14":{"start":{"line":122,"column":10},"end":{"line":122,"column":36}},"15":{"start":{"line":142,"column":22},"end":{"line":142,"column":92}},"16":{"start":{"line":142,"column":36},"end":{"line":142,"column":72}},"17":{"start":{"line":144,"column":22},"end":{"line":157,"column":3}},"18":{"start":{"line":145,"column":16},"end":{"line":145,"column":55}},"19":{"start":{"line":146,"column":4},"end":{"line":146,"column":24}},"20":{"start":{"line":147,"column":4},"end":{"line":147,"column":50}},"21":{"start":{"line":148,"column":4},"end":{"line":148,"column":24}},"22":{"start":{"line":149,"column":4},"end":{"line":149,"column":91}},"23":{"start":{"line":150,"column":4},"end":{"line":150,"column":91}},"24":{"start":{"line":151,"column":4},"end":{"line":151,"column":104}},"25":{"start":{"line":152,"column":4},"end":{"line":152,"column":35}},"26":{"start":{"line":153,"column":4},"end":{"line":153,"column":96}},"27":{"start":{"line":154,"column":4},"end":{"line":154,"column":94}},"28":{"start":{"line":155,"column":4},"end":{"line":155,"column":98}},"29":{"start":{"line":156,"column":4},"end":{"line":156,"column":60}},"30":{"start":{"line":159,"column":2},"end":{"line":261,"column":4}},"31":{"start":{"line":235,"column":14},"end":{"line":235,"column":26}}},"fnMap":{"0":{"name":"generatePredictions","decl":{"start":{"line":25,"column":16},"end":{"line":25,"column":35}},"loc":{"start":{"line":25,"column":67},"end":{"line":68,"column":1}}},"1":{"name":"TimelineVisualization","decl":{"start":{"line":69,"column":9},"end":{"line":69,"column":30}},"loc":{"start":{"line":69,"column":88},"end":{"line":108,"column":1}}},"2":{"name":"(anonymous_2)","decl":{"start":{"line":77,"column":20},"end":{"line":77,"column":21}},"loc":{"start":{"line":78,"column":10},"end":{"line":78,"column":23}}},"3":{"name":"ScenarioAnalysis","decl":{"start":{"line":110,"column":9},"end":{"line":110,"column":25}},"loc":{"start":{"line":110,"column":118},"end":{"line":138,"column":1}}},"4":{"name":"(anonymous_4)","decl":{"start":{"line":121,"column":14},"end":{"line":121,"column":15}},"loc":{"start":{"line":122,"column":10},"end":{"line":122,"column":36}}},"5":{"name":"PredictiveAnalytics","decl":{"start":{"line":141,"column":16},"end":{"line":141,"column":35}},"loc":{"start":{"line":141,"column":92},"end":{"line":262,"column":1}}},"6":{"name":"(anonymous_6)","decl":{"start":{"line":142,"column":30},"end":{"line":142,"column":33}},"loc":{"start":{"line":142,"column":36},"end":{"line":142,"column":72}}},"7":{"name":"(anonymous_7)","decl":{"start":{"line":144,"column":22},"end":{"line":144,"column":25}},"loc":{"start":{"line":144,"column":27},"end":{"line":157,"column":3}}},"8":{"name":"(anonymous_8)","decl":{"start":{"line":234,"column":50},"end":{"line":234,"column":51}},"loc":{"start":{"line":235,"column":14},"end":{"line":235,"column":26}}}},"branchMap":{"0":{"loc":{"start":{"line":29,"column":25},"end":{"line":29,"column":68}},"type":"cond-expr","locations":[{"start":{"line":29,"column":41},"end":{"line":29,"column":43}},{"start":{"line":29,"column":46},"end":{"line":29,"column":68}}]},"1":{"loc":{"start":{"line":29,"column":46},"end":{"line":29,"column":68}},"type":"cond-expr","locations":[{"start":{"line":29,"column":59},"end":{"line":29,"column":62}},{"start":{"line":29,"column":65},"end":{"line":29,"column":68}}]},"2":{"loc":{"start":{"line":40,"column":14},"end":{"line":40,"column":71}},"type":"cond-expr","locations":[{"start":{"line":40,"column":30},"end":{"line":40,"column":36}},{"start":{"line":40,"column":39},"end":{"line":40,"column":71}}]},"3":{"loc":{"start":{"line":40,"column":39},"end":{"line":40,"column":71}},"type":"cond-expr","locations":[{"start":{"line":40,"column":55},"end":{"line":40,"column":63}},{"start":{"line":40,"column":66},"end":{"line":40,"column":71}}]},"4":{"loc":{"start":{"line":46,"column":14},"end":{"line":46,"column":47}},"type":"cond-expr","locations":[{"start":{"line":46,"column":30},"end":{"line":46,"column":36}},{"start":{"line":46,"column":39},"end":{"line":46,"column":47}}]},"5":{"loc":{"start":{"line":52,"column":14},"end":{"line":52,"column":44}},"type":"cond-expr","locations":[{"start":{"line":52,"column":27},"end":{"line":52,"column":33}},{"start":{"line":52,"column":36},"end":{"line":52,"column":44}}]},"6":{"loc":{"start":{"line":58,"column":14},"end":{"line":58,"column":44}},"type":"cond-expr","locations":[{"start":{"line":58,"column":30},"end":{"line":58,"column":36}},{"start":{"line":58,"column":39},"end":{"line":58,"column":44}}]},"7":{"loc":{"start":{"line":82,"column":16},"end":{"line":84,"column":null}},"type":"cond-expr","locations":[{"start":{"line":82,"column":36},"end":{"line":82,"column":64}},{"start":{"line":83,"column":16},"end":{"line":84,"column":null}}]},"8":{"loc":{"start":{"line":83,"column":16},"end":{"line":84,"column":null}},"type":"cond-expr","locations":[{"start":{"line":83,"column":38},"end":{"line":83,"column":72}},{"start":{"line":84,"column":16},"end":{"line":84,"column":null}}]},"9":{"loc":{"start":{"line":93,"column":20},"end":{"line":95,"column":null}},"type":"cond-expr","locations":[{"start":{"line":93,"column":40},"end":{"line":93,"column":52}},{"start":{"line":94,"column":20},"end":{"line":95,"column":null}}]},"10":{"loc":{"start":{"line":94,"column":20},"end":{"line":95,"column":null}},"type":"cond-expr","locations":[{"start":{"line":94,"column":42},"end":{"line":94,"column":57}},{"start":{"line":95,"column":20},"end":{"line":95,"column":null}}]},"11":{"loc":{"start":{"line":151,"column":33},"end":{"line":151,"column":91}},"type":"cond-expr","locations":[{"start":{"line":151,"column":66},"end":{"line":151,"column":77}},{"start":{"line":151,"column":80},"end":{"line":151,"column":91}}]},"12":{"loc":{"start":{"line":198,"column":52},"end":{"line":198,"column":120}},"type":"cond-expr","locations":[{"start":{"line":198,"column":85},"end":{"line":198,"column":103}},{"start":{"line":198,"column":106},"end":{"line":198,"column":120}}]},"13":{"loc":{"start":{"line":199,"column":17},"end":{"line":199,"column":81}},"type":"cond-expr","locations":[{"start":{"line":199,"column":50},"end":{"line":199,"column":64}},{"start":{"line":199,"column":67},"end":{"line":199,"column":81}}]},"14":{"loc":{"start":{"line":203,"column":15},"end":{"line":205,"column":56}},"type":"cond-expr","locations":[{"start":{"line":204,"column":18},"end":{"line":204,"column":71}},{"start":{"line":205,"column":18},"end":{"line":205,"column":56}}]},"15":{"loc":{"start":{"line":240,"column":20},"end":{"line":242,"column":null}},"type":"cond-expr","locations":[{"start":{"line":240,"column":44},"end":{"line":240,"column":72}},{"start":{"line":241,"column":20},"end":{"line":242,"column":null}}]},"16":{"loc":{"start":{"line":241,"column":20},"end":{"line":242,"column":null}},"type":"cond-expr","locations":[{"start":{"line":241,"column":46},"end":{"line":241,"column":80}},{"start":{"line":242,"column":20},"end":{"line":242,"column":null}}]}},"s":{"0":2,"1":2,"2":2,"3":2,"4":2,"5":42,"6":42,"7":42,"8":42,"9":42,"10":12,"11":48,"12":12,"13":12,"14":36,"15":12,"16":12,"17":12,"18":0,"19":0,"20":0,"21":0,"22":0,"23":0,"24":0,"25":0,"26":0,"27":0,"28":0,"29":0,"30":12,"31":48},"f":{"0":42,"1":12,"2":48,"3":12,"4":36,"5":12,"6":12,"7":0,"8":48},"b":{"0":[8,34],"1":[9,25],"2":[7,35],"3":[1,34],"4":[8,34],"5":[14,28],"6":[7,35],"7":[2,46],"8":[23,23],"9":[2,46],"10":[23,23],"11":[0,0],"12":[11,1],"13":[11,1],"14":[11,1],"15":[2,46],"16":[23,23]}}
,"/home/runner/work/Ai-For-Governance/Ai-For-Governance/frontend/components/QuickActions.tsx": {"path":"/home/runner/work/Ai-For-Governance/Ai-For-Governance/frontend/components/QuickActions.tsx","statementMap":{"0":{"start":{"line":19,"column":0},"end":{"line":19,"column":16}},"1":{"start":{"line":3,"column":0},"end":{"line":3,"column":44}},"2":{"start":{"line":20,"column":17},"end":{"line":20,"column":28}},"3":{"start":{"line":22,"column":2},"end":{"line":53,"column":4}},"4":{"start":{"line":35,"column":10},"end":{"line":36,"column":null}},"5":{"start":{"line":38,"column":27},"end":{"line":38,"column":106}},"6":{"start":{"line":57,"column":13},"end":{"line":76,"column":2}},"7":{"start":{"line":78,"column":13},"end":{"line":97,"column":2}},"8":{"start":{"line":99,"column":13},"end":{"line":118,"column":2}},"9":{"start":{"line":120,"column":13},"end":{"line":139,"column":2}}},"fnMap":{"0":{"name":"QuickActions","decl":{"start":{"line":19,"column":16},"end":{"line":19,"column":28}},"loc":{"start":{"line":19,"column":84},"end":{"line":54,"column":1}}},"1":{"name":"(anonymous_1)","decl":{"start":{"line":34,"column":21},"end":{"line":34,"column":22}},"loc":{"start":{"line":35,"column":10},"end":{"line":36,"column":null}}},"2":{"name":"(anonymous_2)","decl":{"start":{"line":38,"column":21},"end":{"line":38,"column":24}},"loc":{"start":{"line":38,"column":27},"end":{"line":38,"column":106}}}},"branchMap":{"0":{"loc":{"start":{"line":19,"column":40},"end":{"line":19,"column":63}},"type":"default-arg","locations":[{"start":{"line":19,"column":48},"end":{"line":19,"column":63}}]},"1":{"loc":{"start":{"line":38,"column":27},"end":{"line":38,"column":106}},"type":"cond-expr","locations":[{"start":{"line":38,"column":45},"end":{"line":38,"column":79}},{"start":{"line":38,"column":82},"end":{"line":38,"column":106}}]}},"s":{"0":1,"1":1,"2":8,"3":8,"4":13,"5":2,"6":1,"7":1,"8":1,"9":1},"f":{"0":8,"1":13,"2":2},"b":{"0":[7],"1":[1,1]}}
,"/home/runner/work/Ai-For-Governance/Ai-For-Governance/frontend/components/RiskChart.tsx": {"path":"/home/runner/work/Ai-For-Governance/Ai-For-Governance/frontend/components/RiskChart.tsx","statementMap":{"0":{"start":{"line":3,"column":0},"end":{"line":3,"column":16}},"1":{"start":{"line":1,"column":0},"end":{"line":1,"column":26}},"2":{"start":{"line":4,"column":2},"end":{"line":4,"column":112}},"3":{"start":{"line":4,"column":36},"end":{"line":4,"column":112}},"4":{"start":{"line":7,"column":23},"end":{"line":11,"column":4}},"5":{"start":{"line":13,"column":2},"end":{"line":44,"column":4}},"6":{"start":{"line":16,"column":23},"end":{"line":16,"column":64}},"7":{"start":{"line":18,"column":8},"end":{"line":34,"column":10}}},"fnMap":{"0":{"name":"RiskChart","decl":{"start":{"line":3,"column":16},"end":{"line":3,"column":25}},"loc":{"start":{"line":3,"column":56},"end":{"line":45,"column":1}}},"1":{"name":"(anonymous_2)","decl":{"start":{"line":15,"column":17},"end":{"line":15,"column":18}},"loc":{"start":{"line":15,"column":33},"end":{"line":35,"column":7}}}},"branchMap":{"0":{"loc":{"start":{"line":4,"column":2},"end":{"line":4,"column":112}},"type":"if","locations":[{"start":{"line":4,"column":2},"end":{"line":4,"column":112}}]},"1":{"loc":{"start":{"line":4,"column":6},"end":{"line":4,"column":34}},"type":"binary-expr","locations":[{"start":{"line":4,"column":6},"end":{"line":4,"column":12}},{"start":{"line":4,"column":16},"end":{"line":4,"column":34}}]},"2":{"loc":{"start":{"line":30,"column":32},"end":{"line":30,"column":77}},"type":"binary-expr","locations":[{"start":{"line":30,"column":32},"end":{"line":30,"column":68}},{"start":{"line":30,"column":72},"end":{"line":30,"column":77}}]}},"s":{"0":1,"1":1,"2":8,"3":2,"4":6,"5":6,"6":14,"7":14},"f":{"0":8,"1":14},"b":{"0":[2],"1":[8,7],"2":[14,0]}}
,"/home/runner/work/Ai-For-Governance/Ai-For-Governance/frontend/components/SentimentDashboard.tsx": {"path":"/home/runner/work/Ai-For-Governance/Ai-For-Governance/frontend/components/SentimentDashboard.tsx","statementMap":{"0":{"start":{"line":76,"column":0},"end":{"line":76,"column":16}},"1":{"start":{"line":6,"column":21},"end":{"line":6,"column":57}},"2":{"start":{"line":8,"column":2},"end":{"line":25,"column":4}},"3":{"start":{"line":29,"column":2},"end":{"line":58,"column":4}},"4":{"start":{"line":32,"column":8},"end":{"line":32,"column":21}},"5":{"start":{"line":62,"column":16},"end":{"line":62,"column":67}},"6":{"start":{"line":62,"column":58},"end":{"line":62,"column":63}},"7":{"start":{"line":64,"column":2},"end":{"line":73,"column":4}},"8":{"start":{"line":67,"column":8},"end":{"line":67,"column":28}},"9":{"start":{"line":77,"column":2},"end":{"line":112,"column":4}}},"fnMap":{"0":{"name":"SentimentGauge","decl":{"start":{"line":5,"column":9},"end":{"line":5,"column":23}},"loc":{"start":{"line":5,"column":58},"end":{"line":26,"column":1}}},"1":{"name":"ThemeAnalysis","decl":{"start":{"line":28,"column":9},"end":{"line":28,"column":22}},"loc":{"start":{"line":28,"column":78},"end":{"line":59,"column":1}}},"2":{"name":"(anonymous_2)","decl":{"start":{"line":31,"column":18},"end":{"line":31,"column":19}},"loc":{"start":{"line":32,"column":8},"end":{"line":32,"column":21}}},"3":{"name":"PlatformBreakdown","decl":{"start":{"line":61,"column":9},"end":{"line":61,"column":26}},"loc":{"start":{"line":61,"column":79},"end":{"line":74,"column":1}}},"4":{"name":"(anonymous_4)","decl":{"start":{"line":62,"column":48},"end":{"line":62,"column":49}},"loc":{"start":{"line":62,"column":58},"end":{"line":62,"column":63}}},"5":{"name":"(anonymous_5)","decl":{"start":{"line":66,"column":37},"end":{"line":66,"column":38}},"loc":{"start":{"line":67,"column":8},"end":{"line":67,"column":28}}},"6":{"name":"SentimentDashboard","decl":{"start":{"line":76,"column":16},"end":{"line":76,"column":34}},"loc":{"start":{"line":76,"column":72},"end":{"line":113,"column":1}}}},"branchMap":{"0":{"loc":{"start":{"line":41,"column":14},"end":{"line":43,"column":null}},"type":"cond-expr","locations":[{"start":{"line":41,"column":44},"end":{"line":41,"column":80}},{"start":{"line":42,"column":14},"end":{"line":43,"column":null}}]},"1":{"loc":{"start":{"line":42,"column":14},"end":{"line":43,"column":null}},"type":"cond-expr","locations":[{"start":{"line":42,"column":45},"end":{"line":42,"column":73}},{"start":{"line":43,"column":14},"end":{"line":43,"column":null}}]},"2":{"loc":{"start":{"line":45,"column":15},"end":{"line":45,"column":51}},"type":"cond-expr","locations":[{"start":{"line":45,"column":43},"end":{"line":45,"column":46}},{"start":{"line":45,"column":49},"end":{"line":45,"column":51}}]},"3":{"loc":{"start":{"line":48,"column":14},"end":{"line":50,"column":null}},"type":"cond-expr","locations":[{"start":{"line":48,"column":41},"end":{"line":48,"column":77}},{"start":{"line":49,"column":14},"end":{"line":50,"column":null}}]},"4":{"loc":{"start":{"line":49,"column":14},"end":{"line":50,"column":null}},"type":"cond-expr","locations":[{"start":{"line":49,"column":42},"end":{"line":49,"column":70}},{"start":{"line":50,"column":14},"end":{"line":50,"column":null}}]},"5":{"loc":{"start":{"line":52,"column":15},"end":{"line":52,"column":87}},"type":"cond-expr","locations":[{"start":{"line":52,"column":42},"end":{"line":52,"column":46}},{"start":{"line":52,"column":49},"end":{"line":52,"column":87}}]},"6":{"loc":{"start":{"line":52,"column":49},"end":{"line":52,"column":87}},"type":"cond-expr","locations":[{"start":{"line":52,"column":77},"end":{"line":52,"column":81}},{"start":{"line":52,"column":84},"end":{"line":52,"column":87}}]}},"s":{"0":1,"1":13,"2":13,"3":13,"4":39,"5":26,"6":78,"7":26,"8":78,"9":13},"f":{"0":13,"1":13,"2":39,"3":26,"4":78,"5":78,"6":13},"b":{"0":[13,26],"1":[13,13],"2":[26,13],"3":[13,26],"4":[13,13],"5":[13,26],"6":[13,13]}}
,"/home/runner/work/Ai-For-Governance/Ai-For-Governance/frontend/components/SignupForm.tsx": {"path":"/home/runner/work/Ai-For-Governance/Ai-For-Governance/frontend/components/SignupForm.tsx","statementMap":{"0":{"start":{"line":7,"column":0},"end":{"line":7,"column":16}},"1":{"start":{"line":3,"column":0},"end":{"line":3,"column":33}},"2":{"start":{"line":4,"column":0},"end":{"line":4,"column":49}},"3":{"start":{"line":5,"column":0},"end":{"line":5,"column":44}},"4":{"start":{"line":8,"column":28},"end":{"line":8,"column":40}},"5":{"start":{"line":9,"column":34},"end":{"line":9,"column":46}},"6":{"start":{"line":10,"column":34},"end":{"line":10,"column":46}},"7":{"start":{"line":11,"column":48},"end":{"line":11,"column":60}},"8":{"start":{"line":12,"column":34},"end":{"line":12,"column":46}},"9":{"start":{"line":13,"column":42},"end":{"line":13,"column":57}},"10":{"start":{"line":14,"column":44},"end":{"line":14,"column":56}},"11":{"start":{"line":15,"column":41},"end":{"line":15,"column":50}},"12":{"start":{"line":16,"column":17},"end":{"line":16,"column":28}},"13":{"start":{"line":18,"column":23},"end":{"line":39,"column":3}},"14":{"start":{"line":19,"column":4},"end":{"line":19,"column":23}},"15":{"start":{"line":20,"column":4},"end":{"line":20,"column":25}},"16":{"start":{"line":22,"column":4},"end":{"line":25,"column":5}},"17":{"start":{"line":23,"column":6},"end":{"line":23,"column":49}},"18":{"start":{"line":24,"column":6},"end":{"line":24,"column":13}},"19":{"start":{"line":27,"column":4},"end":{"line":30,"column":5}},"20":{"start":{"line":28,"column":6},"end":{"line":28,"column":65}},"21":{"start":{"line":29,"column":6},"end":{"line":29,"column":13}},"22":{"start":{"line":32,"column":4},"end":{"line":38,"column":5}},"23":{"start":{"line":33,"column":6},"end":{"line":33,"column":58}},"24":{"start":{"line":34,"column":6},"end":{"line":34,"column":33}},"25":{"start":{"line":34,"column":21},"end":{"line":34,"column":33}},"26":{"start":{"line":35,"column":6},"end":{"line":35,"column":32}},"27":{"start":{"line":41,"column":2},"end":{"line":125,"column":4}},"28":{"start":{"line":48,"column":27},"end":{"line":48,"column":54}},"29":{"start":{"line":59,"column":27},"end":{"line":59,"column":51}},"30":{"start":{"line":71,"column":27},"end":{"line":71,"column":54}},"31":{"start":{"line":84,"column":29},"end":{"line":84,"column":56}},"32":{"start":{"line":91,"column":27},"end":{"line":91,"column":57}},"33":{"start":{"line":104,"column":27},"end":{"line":104,"column":61}}},"fnMap":{"0":{"name":"SignupForm","decl":{"start":{"line":7,"column":16},"end":{"line":7,"column":26}},"loc":{"start":{"line":7,"column":68},"end":{"line":126,"column":1}}},"1":{"name":"(anonymous_1)","decl":{"start":{"line":18,"column":23},"end":{"line":18,"column":28}},"loc":{"start":{"line":18,"column":52},"end":{"line":39,"column":3}}},"2":{"name":"(anonymous_2)","decl":{"start":{"line":48,"column":20},"end":{"line":48,"column":21}},"loc":{"start":{"line":48,"column":27},"end":{"line":48,"column":54}}},"3":{"name":"(anonymous_3)","decl":{"start":{"line":59,"column":20},"end":{"line":59,"column":21}},"loc":{"start":{"line":59,"column":27},"end":{"line":59,"column":51}}},"4":{"name":"(anonymous_4)","decl":{"start":{"line":71,"column":20},"end":{"line":71,"column":21}},"loc":{"start":{"line":71,"column":27},"end":{"line":71,"column":54}}},"5":{"name":"(anonymous_5)","decl":{"start":{"line":84,"column":22},"end":{"line":84,"column":23}},"loc":{"start":{"line":84,"column":29},"end":{"line":84,"column":56}}},"6":{"name":"(anonymous_6)","decl":{"start":{"line":91,"column":21},"end":{"line":91,"column":24}},"loc":{"start":{"line":91,"column":27},"end":{"line":91,"column":57}}},"7":{"name":"(anonymous_7)","decl":{"start":{"line":104,"column":20},"end":{"line":104,"column":21}},"loc":{"start":{"line":104,"column":27},"end":{"line":104,"column":61}}}},"branchMap":{"0":{"loc":{"start":{"line":22,"column":4},"end":{"line":25,"column":5}},"type":"if","locations":[{"start":{"line":22,"column":4},"end":{"line":25,"column":5}}]},"1":{"loc":{"start":{"line":27,"column":4},"end":{"line":30,"column":5}},"type":"if","locations":[{"start":{"line":27,"column":4},"end":{"line":30,"column":5}}]},"2":{"loc":{"start":{"line":34,"column":6},"end":{"line":34,"column":33}},"type":"if","locations":[{"start":{"line":34,"column":6},"end":{"line":34,"column":33}}]},"3":{"loc":{"start":{"line":82,"column":18},"end":{"line":82,"column":52}},"type":"cond-expr","locations":[{"start":{"line":82,"column":33},"end":{"line":82,"column":39}},{"start":{"line":82,"column":42},"end":{"line":82,"column":52}}]},"4":{"loc":{"start":{"line":94,"column":13},"end":{"line":94,"column":43}},"type":"cond-expr","locations":[{"start":{"line":94,"column":28},"end":{"line":94,"column":34}},{"start":{"line":94,"column":37},"end":{"line":94,"column":43}}]},"5":{"loc":{"start":{"line":102,"column":16},"end":{"line":102,"column":50}},"type":"cond-expr","locations":[{"start":{"line":102,"column":31},"end":{"line":102,"column":37}},{"start":{"line":102,"column":40},"end":{"line":102,"column":50}}]},"6":{"loc":{"start":{"line":111,"column":7},"end":{"line":114,"column":null}},"type":"binary-expr","locations":[{"start":{"line":111,"column":8},"end":{"line":111,"column":13}},{"start":{"line":111,"column":17},"end":{"line":111,"column":30}},{"start":{"line":112,"column":8},"end":{"line":113,"column":null}}]},"7":{"loc":{"start":{"line":113,"column":11},"end":{"line":113,"column":33}},"type":"binary-expr","locations":[{"start":{"line":113,"column":11},"end":{"line":113,"column":16}},{"start":{"line":113,"column":20},"end":{"line":113,"column":33}}]},"8":{"loc":{"start":{"line":122,"column":9},"end":{"line":122,"column":54}},"type":"cond-expr","locations":[{"start":{"line":122,"column":21},"end":{"line":122,"column":42}},{"start":{"line":122,"column":45},"end":{"line":122,"column":54}}]}},"s":{"0":1,"1":1,"2":1,"3":1,"4":32,"5":32,"6":32,"7":32,"8":32,"9":32,"10":32,"11":32,"12":32,"13":32,"14":6,"15":6,"16":6,"17":1,"18":1,"19":5,"20":1,"21":1,"22":4,"23":4,"24":3,"25":1,"26":3,"27":32,"28":0,"29":1,"30":1,"31":6,"32":1,"33":6},"f":{"0":32,"1":6,"2":0,"3":1,"4":1,"5":6,"6":1,"7":6},"b":{"0":[1],"1":[1],"2":[1],"3":[1,31],"4":[1,31],"5":[1,31],"6":[32,31,3],"7":[3,2],"8":[1,31]}}
,"/home/runner/work/Ai-For-Governance/Ai-For-Governance/frontend/components/Spinner.tsx": {"path":"/home/runner/work/Ai-For-Governance/Ai-For-Governance/frontend/components/Spinner.tsx","statementMap":{"0":{"start":{"line":1,"column":0},"end":{"line":1,"column":16}},"1":{"start":{"line":2,"column":20},"end":{"line":2,"column":85}},"2":{"start":{"line":3,"column":19},"end":{"line":3,"column":49}},"3":{"start":{"line":5,"column":2},"end":{"line":13,"column":4}}},"fnMap":{"0":{"name":"Spinner","decl":{"start":{"line":1,"column":16},"end":{"line":1,"column":23}},"loc":{"start":{"line":1,"column":68},"end":{"line":14,"column":1}}}},"branchMap":{"0":{"loc":{"start":{"line":1,"column":24},"end":{"line":1,"column":68}},"type":"default-arg","locations":[{"start":{"line":1,"column":66},"end":{"line":1,"column":68}}]},"1":{"loc":{"start":{"line":2,"column":20},"end":{"line":2,"column":85}},"type":"cond-expr","locations":[{"start":{"line":2,"column":36},"end":{"line":2,"column":45}},{"start":{"line":2,"column":48},"end":{"line":2,"column":85}}]},"2":{"loc":{"start":{"line":2,"column":48},"end":{"line":2,"column":85}},"type":"cond-expr","locations":[{"start":{"line":2,"column":64},"end":{"line":2,"column":73}},{"start":{"line":2,"column":76},"end":{"line":2,"column":85}}]},"3":{"loc":{"start":{"line":3,"column":19},"end":{"line":3,"column":49}},"type":"binary-expr","locations":[{"start":{"line":3,"column":19},"end":{"line":3,"column":32}},{"start":{"line":3,"column":36},"end":{"line":3,"column":49}}]},"4":{"loc":{"start":{"line":11,"column":7},"end":{"line":11,"column":91}},"type":"binary-expr","locations":[{"start":{"line":11,"column":7},"end":{"line":11,"column":16}},{"start":{"line":11,"column":20},"end":{"line":11,"column":91}}]}},"s":{"0":2,"1":12,"2":12,"3":12},"f":{"0":12},"b":{"0":[0],"1":[7,5],"2":[2,3],"3":[12,10],"4":[12,3]}}
,"/home/runner/work/Ai-For-Governance/Ai-For-Governance/frontend/components/Toast.tsx": {"path":"/home/runner/work/Ai-For-Governance/Ai-For-Governance/frontend/components/Toast.tsx","statementMap":{"0":{"start":{"line":9,"column":0},"end":{"line":9,"column":16}},"1":{"start":{"line":10,"column":17},"end":{"line":15,"column":4}},"2":{"start":{"line":17,"column":16},"end":{"line":22,"column":4}},"3":{"start":{"line":24,"column":2},"end":{"line":40,"column":4}}},"fnMap":{"0":{"name":"Toast","decl":{"start":{"line":9,"column":16},"end":{"line":9,"column":21}},"loc":{"start":{"line":9,"column":62},"end":{"line":41,"column":1}}}},"branchMap":{},"s":{"0":1,"1":11,"2":11,"3":11},"f":{"0":11},"b":{}}
,"/home/runner/work/Ai-For-Governance/Ai-For-Governance/frontend/contexts/AuthContext.tsx": {"path":"/home/runner/work/Ai-For-Governance/Ai-For-Governance/frontend/contexts/AuthContext.tsx","statementMap":{"0":{"start":{"line":17,"column":0},"end":{"line":17,"column":16}},"1":{"start":{"line":164,"column":0},"end":{"line":164,"column":16}},"2":{"start":{"line":3,"column":0},"end":{"line":3,"column":78}},"3":{"start":{"line":15,"column":20},"end":{"line":15,"column":73}},"4":{"start":{"line":18,"column":28},"end":{"line":18,"column":57}},"5":{"start":{"line":19,"column":26},"end":{"line":19,"column":52}},"6":{"start":{"line":20,"column":36},"end":{"line":20,"column":51}},"7":{"start":{"line":21,"column":28},"end":{"line":21,"column":57}},"8":{"start":{"line":23,"column":18},"end":{"line":23,"column":93}},"9":{"start":{"line":26,"column":2},"end":{"line":33,"column":9}},"10":{"start":{"line":27,"column":25},"end":{"line":27,"column":62}},"11":{"start":{"line":28,"column":24},"end":{"line":28,"column":60}},"12":{"start":{"line":29,"column":4},"end":{"line":32,"column":5}},"13":{"start":{"line":30,"column":6},"end":{"line":30,"column":29}},"14":{"start":{"line":31,"column":6},"end":{"line":31,"column":39}},"15":{"start":{"line":35,"column":16},"end":{"line":99,"column":3}},"16":{"start":{"line":36,"column":4},"end":{"line":36,"column":23}},"17":{"start":{"line":37,"column":4},"end":{"line":37,"column":19}},"18":{"start":{"line":38,"column":4},"end":{"line":98,"column":5}},"19":{"start":{"line":39,"column":21},"end":{"line":39,"column":44}},"20":{"start":{"line":40,"column":6},"end":{"line":40,"column":50}},"21":{"start":{"line":42,"column":25},"end":{"line":42,"column":46}},"22":{"start":{"line":43,"column":24},"end":{"line":43,"column":67}},"23":{"start":{"line":43,"column":41},"end":{"line":43,"column":59}},"24":{"start":{"line":45,"column":18},"end":{"line":50,"column":8}},"25":{"start":{"line":52,"column":6},"end":{"line":52,"column":30}},"26":{"start":{"line":54,"column":6},"end":{"line":63,"column":7}},"27":{"start":{"line":55,"column":24},"end":{"line":55,"column":40}},"28":{"start":{"line":56,"column":8},"end":{"line":56,"column":82}},"29":{"start":{"line":57,"column":21},"end":{"line":57,"column":35}},"30":{"start":{"line":58,"column":8},"end":{"line":61,"column":18}},"31":{"start":{"line":59,"column":22},"end":{"line":59,"column":41}},"32":{"start":{"line":60,"column":10},"end":{"line":60,"column":40}},"33":{"start":{"line":62,"column":8},"end":{"line":62,"column":32}},"34":{"start":{"line":65,"column":19},"end":{"line":65,"column":35}},"35":{"start":{"line":66,"column":6},"end":{"line":66,"column":38}},"36":{"start":{"line":67,"column":6},"end":{"line":67,"column":34}},"37":{"start":{"line":68,"column":6},"end":{"line":68,"column":63}},"38":{"start":{"line":71,"column":6},"end":{"line":84,"column":7}},"39":{"start":{"line":72,"column":24},"end":{"line":75,"column":10}},"40":{"start":{"line":76,"column":8},"end":{"line":80,"column":9}},"41":{"start":{"line":77,"column":27},"end":{"line":77,"column":47}},"42":{"start":{"line":78,"column":10},"end":{"line":78,"column":28}},"43":{"start":{"line":79,"column":10},"end":{"line":79,"column":73}},"44":{"start":{"line":82,"column":8},"end":{"line":82,"column":54}},"45":{"start":{"line":83,"column":8},"end":{"line":83,"column":27}},"46":{"start":{"line":86,"column":6},"end":{"line":86,"column":46}},"47":{"start":{"line":88,"column":6},"end":{"line":94,"column":7}},"48":{"start":{"line":89,"column":8},"end":{"line":89,"column":65}},"49":{"start":{"line":90,"column":13},"end":{"line":94,"column":7}},"50":{"start":{"line":91,"column":8},"end":{"line":91,"column":102}},"51":{"start":{"line":93,"column":8},"end":{"line":93,"column":28}},"52":{"start":{"line":95,"column":6},"end":{"line":95,"column":14}},"53":{"start":{"line":97,"column":6},"end":{"line":97,"column":26}},"54":{"start":{"line":101,"column":19},"end":{"line":148,"column":3}},"55":{"start":{"line":102,"column":4},"end":{"line":102,"column":23}},"56":{"start":{"line":103,"column":4},"end":{"line":103,"column":19}},"57":{"start":{"line":104,"column":4},"end":{"line":147,"column":5}},"58":{"start":{"line":105,"column":21},"end":{"line":105,"column":47}},"59":{"start":{"line":106,"column":6},"end":{"line":106,"column":57}},"60":{"start":{"line":108,"column":25},"end":{"line":108,"column":46}},"61":{"start":{"line":109,"column":24},"end":{"line":109,"column":67}},"62":{"start":{"line":109,"column":41},"end":{"line":109,"column":59}},"63":{"start":{"line":111,"column":18},"end":{"line":116,"column":8}},"64":{"start":{"line":118,"column":6},"end":{"line":118,"column":30}},"65":{"start":{"line":120,"column":6},"end":{"line":129,"column":7}},"66":{"start":{"line":121,"column":24},"end":{"line":121,"column":40}},"67":{"start":{"line":122,"column":8},"end":{"line":122,"column":89}},"68":{"start":{"line":123,"column":21},"end":{"line":123,"column":42}},"69":{"start":{"line":124,"column":8},"end":{"line":127,"column":18}},"70":{"start":{"line":125,"column":22},"end":{"line":125,"column":41}},"71":{"start":{"line":126,"column":10},"end":{"line":126,"column":40}},"72":{"start":{"line":128,"column":8},"end":{"line":128,"column":32}},"73":{"start":{"line":131,"column":6},"end":{"line":131,"column":68}},"74":{"start":{"line":133,"column":6},"end":{"line":133,"column":35}},"75":{"start":{"line":135,"column":6},"end":{"line":135,"column":46}},"76":{"start":{"line":137,"column":6},"end":{"line":143,"column":7}},"77":{"start":{"line":138,"column":8},"end":{"line":138,"column":65}},"78":{"start":{"line":139,"column":13},"end":{"line":143,"column":7}},"79":{"start":{"line":140,"column":8},"end":{"line":140,"column":102}},"80":{"start":{"line":142,"column":8},"end":{"line":142,"column":28}},"81":{"start":{"line":144,"column":6},"end":{"line":144,"column":14}},"82":{"start":{"line":146,"column":6},"end":{"line":146,"column":26}},"83":{"start":{"line":150,"column":17},"end":{"line":155,"column":3}},"84":{"start":{"line":151,"column":4},"end":{"line":151,"column":19}},"85":{"start":{"line":152,"column":4},"end":{"line":152,"column":18}},"86":{"start":{"line":153,"column":4},"end":{"line":153,"column":45}},"87":{"start":{"line":154,"column":4},"end":{"line":154,"column":44}},"88":{"start":{"line":157,"column":2},"end":{"line":161,"column":4}},"89":{"start":{"line":165,"column":18},"end":{"line":165,"column":41}},"90":{"start":{"line":166,"column":2},"end":{"line":168,"column":3}},"91":{"start":{"line":167,"column":4},"end":{"line":167,"column":64}},"92":{"start":{"line":169,"column":2},"end":{"line":169,"column":17}}},"fnMap":{"0":{"name":"AuthProvider","decl":{"start":{"line":17,"column":16},"end":{"line":17,"column":28}},"loc":{"start":{"line":17,"column":72},"end":{"line":162,"column":1}}},"1":{"name":"(anonymous_7)","decl":{"start":{"line":26,"column":12},"end":{"line":26,"column":15}},"loc":{"start":{"line":26,"column":17},"end":{"line":33,"column":3}}},"2":{"name":"(anonymous_8)","decl":{"start":{"line":35,"column":16},"end":{"line":35,"column":21}},"loc":{"start":{"line":35,"column":58},"end":{"line":99,"column":3}}},"3":{"name":"(anonymous_9)","decl":{"start":{"line":43,"column":35},"end":{"line":43,"column":38}},"loc":{"start":{"line":43,"column":41},"end":{"line":43,"column":59}}},"4":{"name":"(anonymous_10)","decl":{"start":{"line":101,"column":19},"end":{"line":101,"column":24}},"loc":{"start":{"line":101,"column":98},"end":{"line":148,"column":3}}},"5":{"name":"(anonymous_11)","decl":{"start":{"line":109,"column":35},"end":{"line":109,"column":38}},"loc":{"start":{"line":109,"column":41},"end":{"line":109,"column":59}}},"6":{"name":"(anonymous_12)","decl":{"start":{"line":150,"column":17},"end":{"line":150,"column":20}},"loc":{"start":{"line":150,"column":22},"end":{"line":155,"column":3}}},"7":{"name":"useAuth","decl":{"start":{"line":164,"column":16},"end":{"line":164,"column":23}},"loc":{"start":{"line":164,"column":23},"end":{"line":170,"column":1}}}},"branchMap":{"0":{"loc":{"start":{"line":23,"column":18},"end":{"line":23,"column":93}},"type":"binary-expr","locations":[{"start":{"line":23,"column":18},"end":{"line":23,"column":49}},{"start":{"line":23,"column":53},"end":{"line":23,"column":93}}]},"1":{"loc":{"start":{"line":29,"column":4},"end":{"line":32,"column":5}},"type":"if","locations":[{"start":{"line":29,"column":4},"end":{"line":32,"column":5}}]},"2":{"loc":{"start":{"line":29,"column":8},"end":{"line":29,"column":35}},"type":"binary-expr","locations":[{"start":{"line":29,"column":8},"end":{"line":29,"column":20}},{"start":{"line":29,"column":24},"end":{"line":29,"column":35}}]},"3":{"loc":{"start":{"line":54,"column":6},"end":{"line":63,"column":7}},"type":"if","locations":[{"start":{"line":54,"column":6},"end":{"line":63,"column":7}}]},"4":{"loc":{"start":{"line":60,"column":19},"end":{"line":60,"column":39}},"type":"binary-expr","locations":[{"start":{"line":60,"column":19},"end":{"line":60,"column":29}},{"start":{"line":60,"column":33},"end":{"line":60,"column":39}}]},"5":{"loc":{"start":{"line":76,"column":8},"end":{"line":80,"column":9}},"type":"if","locations":[{"start":{"line":76,"column":8},"end":{"line":80,"column":9}}]},"6":{"loc":{"start":{"line":88,"column":6},"end":{"line":94,"column":7}},"type":"if","locations":[{"start":{"line":88,"column":6},"end":{"line":94,"column":7}},{"start":{"line":90,"column":13},"end":{"line":94,"column":7}}]},"7":{"loc":{"start":{"line":90,"column":13},"end":{"line":94,"column":7}},"type":"if","locations":[{"start":{"line":90,"column":13},"end":{"line":94,"column":7}},{"start":{"line":92,"column":13},"end":{"line":94,"column":7}}]},"8":{"loc":{"start":{"line":120,"column":6},"end":{"line":129,"column":7}},"type":"if","locations":[{"start":{"line":120,"column":6},"end":{"line":129,"column":7}}]},"9":{"loc":{"start":{"line":126,"column":19},"end":{"line":126,"column":39}},"type":"binary-expr","locations":[{"start":{"line":126,"column":19},"end":{"line":126,"column":29}},{"start":{"line":126,"column":33},"end":{"line":126,"column":39}}]},"10":{"loc":{"start":{"line":137,"column":6},"end":{"line":143,"column":7}},"type":"if","locations":[{"start":{"line":137,"column":6},"end":{"line":143,"column":7}},{"start":{"line":139,"column":13},"end":{"line":143,"column":7}}]},"11":{"loc":{"start":{"line":139,"column":13},"end":{"line":143,"column":7}},"type":"if","locations":[{"start":{"line":139,"column":13},"end":{"line":143,"column":7}},{"start":{"line":141,"column":13},"end":{"line":143,"column":7}}]},"12":{"loc":{"start":{"line":166,"column":2},"end":{"line":168,"column":3}},"type":"if","locations":[{"start":{"line":166,"column":2},"end":{"line":168,"column":3}}]}},"s":{"0":1,"1":1,"2":1,"3":1,"4":42,"5":42,"6":42,"7":42,"8":42,"9":42,"10":15,"11":15,"12":15,"13":2,"14":2,"15":42,"16":8,"17":8,"18":8,"19":8,"20":8,"21":8,"22":8,"23":0,"24":8,"25":5,"26":5,"27":2,"28":2,"29":2,"30":2,"31":2,"32":2,"33":2,"34":3,"35":3,"36":3,"37":3,"38":3,"39":3,"40":2,"41":2,"42":2,"43":2,"44":1,"45":1,"46":5,"47":5,"48":1,"49":4,"50":1,"51":3,"52":5,"53":8,"54":42,"55":5,"56":5,"57":5,"58":5,"59":5,"60":5,"61":5,"62":0,"63":5,"64":2,"65":2,"66":1,"67":1,"68":1,"69":1,"70":1,"71":1,"72":1,"73":1,"74":1,"75":4,"76":4,"77":1,"78":3,"79":1,"80":2,"81":4,"82":5,"83":42,"84":1,"85":1,"86":1,"87":1,"88":42,"89":47,"90":46,"91":4,"92":42},"f":{"0":42,"1":15,"2":8,"3":0,"4":5,"5":0,"6":1,"7":47},"b":{"0":[42,42],"1":[2],"2":[15,2],"3":[2],"4":[2,1],"5":[2],"6":[1,4],"7":[1,3],"8":[1],"9":[1,0],"10":[1,3],"11":[1,2],"12":[4]}}
,"/home/runner/work/Ai-For-Governance/Ai-For-Governance/frontend/lib/api.ts": {"path":"/home/runner/work/Ai-For-Governance/Ai-For-Governance/frontend/lib/api.ts","statementMap":{"0":{"start":{"line":42,"column":0},"end":{"line":42,"column":7}},"1":{"start":{"line":58,"column":0},"end":{"line":58,"column":7}},"2":{"start":{"line":43,"column":15},"end":{"line":43,"column":55}},"3":{"start":{"line":45,"column":14},"end":{"line":49,"column":4}},"4":{"start":{"line":51,"column":2},"end":{"line":54,"column":3}},"5":{"start":{"line":52,"column":17},"end":{"line":52,"column":49}},"6":{"start":{"line":52,"column":46},"end":{"line":52,"column":48}},"7":{"start":{"line":53,"column":4},"end":{"line":53,"column":80}},"8":{"start":{"line":55,"column":2},"end":{"line":55,"column":47}},"9":{"start":{"line":59,"column":15},"end":{"line":59,"column":55}},"10":{"start":{"line":61,"column":14},"end":{"line":65,"column":4}},"11":{"start":{"line":67,"column":2},"end":{"line":70,"column":3}},"12":{"start":{"line":68,"column":17},"end":{"line":68,"column":49}},"13":{"start":{"line":68,"column":46},"end":{"line":68,"column":48}},"14":{"start":{"line":69,"column":4},"end":{"line":69,"column":80}},"15":{"start":{"line":71,"column":2},"end":{"line":71,"column":49}}},"fnMap":{"0":{"name":"analyzePolicy","decl":{"start":{"line":42,"column":22},"end":{"line":42,"column":35}},"loc":{"start":{"line":42,"column":50},"end":{"line":56,"column":1}}},"1":{"name":"(anonymous_1)","decl":{"start":{"line":52,"column":40},"end":{"line":52,"column":43}},"loc":{"start":{"line":52,"column":46},"end":{"line":52,"column":48}}},"2":{"name":"analyzeSentiment","decl":{"start":{"line":58,"column":22},"end":{"line":58,"column":38}},"loc":{"start":{"line":58,"column":53},"end":{"line":72,"column":1}}},"3":{"name":"(anonymous_3)","decl":{"start":{"line":68,"column":40},"end":{"line":68,"column":43}},"loc":{"start":{"line":68,"column":46},"end":{"line":68,"column":48}}}},"branchMap":{"0":{"loc":{"start":{"line":51,"column":2},"end":{"line":54,"column":3}},"type":"if","locations":[{"start":{"line":51,"column":2},"end":{"line":54,"column":3}}]},"1":{"loc":{"start":{"line":53,"column":54},"end":{"line":53,"column":76}},"type":"binary-expr","locations":[{"start":{"line":53,"column":54},"end":{"line":53,"column":58}},{"start":{"line":53,"column":62},"end":{"line":53,"column":76}}]},"2":{"loc":{"start":{"line":67,"column":2},"end":{"line":70,"column":3}},"type":"if","locations":[{"start":{"line":67,"column":2},"end":{"line":70,"column":3}}]},"3":{"loc":{"start":{"line":69,"column":54},"end":{"line":69,"column":76}},"type":"binary-expr","locations":[{"start":{"line":69,"column":54},"end":{"line":69,"column":58}},{"start":{"line":69,"column":62},"end":{"line":69,"column":76}}]}},"s":{"0":1,"1":1,"2":6,"3":6,"4":5,"5":2,"6":1,"7":2,"8":3,"9":5,"10":5,"11":5,"12":2,"13":1,"14":2,"15":3},"f":{"0":6,"1":1,"2":5,"3":1},"b":{"0":[2],"1":[2,1],"2":[2],"3":[2,1]}}
}
