{"/home/runner/work/Ai-For-Governance/Ai-For-Governance/frontend/components/Card.tsx": {"path":"/home/runner/work/Ai-For-Governance/Ai-For-Governance/frontend/components/Card.tsx","statementMap":{"0":{"start":{"line":3,"column":0},"end":{"line":3,"column":16}},"1":{"start":{"line":12,"column":19},"end":{"line":12,"column":26}},"2":{"start":{"line":14,"column":2},"end":{"line":33,"column":4}}},"fnMap":{"0":{"name":"Card","decl":{"start":{"line":3,"column":16},"end":{"line":3,"column":20}},"loc":{"start":{"line":11,"column":1},"end":{"line":34,"column":1}}}},"branchMap":{"0":{"loc":{"start":{"line":6,"column":2},"end":{"line":6,"column":16}},"type":"default-arg","locations":[{"start":{"line":6,"column":14},"end":{"line":6,"column":16}}]},"1":{"loc":{"start":{"line":22,"column":9},"end":{"line":28,"column":null}},"type":"binary-expr","locations":[{"start":{"line":22,"column":9},"end":{"line":22,"column":17}},{"start":{"line":23,"column":10},"end":{"line":27,"column":null}}]}},"s":{"0":1,"1":0,"2":0},"f":{"0":0},"b":{"0":[0],"1":[0,0]}}
,"/home/runner/work/Ai-For-Governance/Ai-For-Governance/frontend/components/PredictiveAnalytics.tsx": {"path":"/home/runner/work/Ai-For-Governance/Ai-For-Governance/frontend/components/PredictiveAnalytics.tsx","statementMap":{"0":{"start":{"line":25,"column":0},"end":{"line":25,"column":16}},"1":{"start":{"line":141,"column":0},"end":{"line":141,"column":16}},"2":{"start":{"line":3,"column":0},"end":{"line":3,"column":32}},"3":{"start":{"line":4,"column":0},"end":{"line":4,"column":30}},"4":{"start":{"line":5,"column":0},"end":{"line":5,"column":30}},"5":{"start":{"line":26,"column":29},"end":{"line":26,"column":85}},"6":{"start":{"line":27,"column":27},"end":{"line":27,"column":65}},"7":{"start":{"line":28,"column":29},"end":{"line":28,"column":85}},"8":{"start":{"line":29,"column":25},"end":{"line":29,"column":68}},"9":{"start":{"line":31,"column":2},"end":{"line":67,"column":4}},"10":{"start":{"line":70,"column":2},"end":{"line":107,"column":4}},"11":{"start":{"line":78,"column":10},"end":{"line":78,"column":23}},"12":{"start":{"line":111,"column":14},"end":{"line":111,"column":88}},"13":{"start":{"line":113,"column":2},"end":{"line":137,"column":4}},"14":{"start":{"line":122,"column":10},"end":{"line":122,"column":36}},"15":{"start":{"line":142,"column":22},"end":{"line":142,"column":92}},"16":{"start":{"line":142,"column":36},"end":{"line":142,"column":72}},"17":{"start":{"line":144,"column":22},"end":{"line":157,"column":3}},"18":{"start":{"line":145,"column":16},"end":{"line":145,"column":55}},"19":{"start":{"line":146,"column":4},"end":{"line":146,"column":24}},"20":{"start":{"line":147,"column":4},"end":{"line":147,"column":50}},"21":{"start":{"line":148,"column":4},"end":{"line":148,"column":24}},"22":{"start":{"line":149,"column":4},"end":{"line":149,"column":91}},"23":{"start":{"line":150,"column":4},"end":{"line":150,"column":91}},"24":{"start":{"line":151,"column":4},"end":{"line":151,"column":104}},"25":{"start":{"line":152,"column":4},"end":{"line":152,"column":35}},"26":{"start":{"line":153,"column":4},"end":{"line":153,"column":96}},"27":{"start":{"line":154,"column":4},"end":{"line":154,"column":94}},"28":{"start":{"line":155,"column":4},"end":{"line":155,"column":98}},"29":{"start":{"line":156,"column":4},"end":{"line":156,"column":60}},"30":{"start":{"line":159,"column":2},"end":{"line":261,"column":4}},"31":{"start":{"line":235,"column":14},"end":{"line":235,"column":26}}},"fnMap":{"0":{"name":"generatePredictions","decl":{"start":{"line":25,"column":16},"end":{"line":25,"column":35}},"loc":{"start":{"line":25,"column":67},"end":{"line":68,"column":1}}},"1":{"name":"TimelineVisualization","decl":{"start":{"line":69,"column":9},"end":{"line":69,"column":30}},"loc":{"start":{"line":69,"column":88},"end":{"line":108,"column":1}}},"2":{"name":"(anonymous_2)","decl":{"start":{"line":77,"column":20},"end":{"line":77,"column":21}},"loc":{"start":{"line":78,"column":10},"end":{"line":78,"column":23}}},"3":{"name":"ScenarioAnalysis","decl":{"start":{"line":110,"column":9},"end":{"line":110,"column":25}},"loc":{"start":{"line":110,"column":118},"end":{"line":138,"column":1}}},"4":{"name":"(anonymous_4)","decl":{"start":{"line":121,"column":14},"end":{"line":121,"column":15}},"loc":{"start":{"line":122,"column":10},"end":{"line":122,"column":36}}},"5":{"name":"PredictiveAnalytics","decl":{"start":{"line":141,"column":16},"end":{"line":141,"column":35}},"loc":{"start":{"line":141,"column":92},"end":{"line":262,"column":1}}},"6":{"name":"(anonymous_6)","decl":{"start":{"line":142,"column":30},"end":{"line":142,"column":33}},"loc":{"start":{"line":142,"column":36},"end":{"line":142,"column":72}}},"7":{"name":"(anonymous_7)","decl":{"start":{"line":144,"column":22},"end":{"line":144,"column":25}},"loc":{"start":{"line":144,"column":27},"end":{"line":157,"column":3}}},"8":{"name":"(anonymous_8)","decl":{"start":{"line":234,"column":50},"end":{"line":234,"column":51}},"loc":{"start":{"line":235,"column":14},"end":{"line":235,"column":26}}}},"branchMap":{"0":{"loc":{"start":{"line":29,"column":25},"end":{"line":29,"column":68}},"type":"cond-expr","locations":[{"start":{"line":29,"column":41},"end":{"line":29,"column":43}},{"start":{"line":29,"column":46},"end":{"line":29,"column":68}}]},"1":{"loc":{"start":{"line":29,"column":46},"end":{"line":29,"column":68}},"type":"cond-expr","locations":[{"start":{"line":29,"column":59},"end":{"line":29,"column":62}},{"start":{"line":29,"column":65},"end":{"line":29,"column":68}}]},"2":{"loc":{"start":{"line":40,"column":14},"end":{"line":40,"column":71}},"type":"cond-expr","locations":[{"start":{"line":40,"column":30},"end":{"line":40,"column":36}},{"start":{"line":40,"column":39},"end":{"line":40,"column":71}}]},"3":{"loc":{"start":{"line":40,"column":39},"end":{"line":40,"column":71}},"type":"cond-expr","locations":[{"start":{"line":40,"column":55},"end":{"line":40,"column":63}},{"start":{"line":40,"column":66},"end":{"line":40,"column":71}}]},"4":{"loc":{"start":{"line":46,"column":14},"end":{"line":46,"column":47}},"type":"cond-expr","locations":[{"start":{"line":46,"column":30},"end":{"line":46,"column":36}},{"start":{"line":46,"column":39},"end":{"line":46,"column":47}}]},"5":{"loc":{"start":{"line":52,"column":14},"end":{"line":52,"column":44}},"type":"cond-expr","locations":[{"start":{"line":52,"column":27},"end":{"line":52,"column":33}},{"start":{"line":52,"column":36},"end":{"line":52,"column":44}}]},"6":{"loc":{"start":{"line":58,"column":14},"end":{"line":58,"column":44}},"type":"cond-expr","locations":[{"start":{"line":58,"column":30},"end":{"line":58,"column":36}},{"start":{"line":58,"column":39},"end":{"line":58,"column":44}}]},"7":{"loc":{"start":{"line":82,"column":16},"end":{"line":84,"column":null}},"type":"cond-expr","locations":[{"start":{"line":82,"column":36},"end":{"line":82,"column":64}},{"start":{"line":83,"column":16},"end":{"line":84,"column":null}}]},"8":{"loc":{"start":{"line":83,"column":16},"end":{"line":84,"column":null}},"type":"cond-expr","locations":[{"start":{"line":83,"column":38},"end":{"line":83,"column":72}},{"start":{"line":84,"column":16},"end":{"line":84,"column":null}}]},"9":{"loc":{"start":{"line":93,"column":20},"end":{"line":95,"column":null}},"type":"cond-expr","locations":[{"start":{"line":93,"column":40},"end":{"line":93,"column":52}},{"start":{"line":94,"column":20},"end":{"line":95,"column":null}}]},"10":{"loc":{"start":{"line":94,"column":20},"end":{"line":95,"column":null}},"type":"cond-expr","locations":[{"start":{"line":94,"column":42},"end":{"line":94,"column":57}},{"start":{"line":95,"column":20},"end":{"line":95,"column":null}}]},"11":{"loc":{"start":{"line":151,"column":33},"end":{"line":151,"column":91}},"type":"cond-expr","locations":[{"start":{"line":151,"column":66},"end":{"line":151,"column":77}},{"start":{"line":151,"column":80},"end":{"line":151,"column":91}}]},"12":{"loc":{"start":{"line":198,"column":52},"end":{"line":198,"column":120}},"type":"cond-expr","locations":[{"start":{"line":198,"column":85},"end":{"line":198,"column":103}},{"start":{"line":198,"column":106},"end":{"line":198,"column":120}}]},"13":{"loc":{"start":{"line":199,"column":17},"end":{"line":199,"column":81}},"type":"cond-expr","locations":[{"start":{"line":199,"column":50},"end":{"line":199,"column":64}},{"start":{"line":199,"column":67},"end":{"line":199,"column":81}}]},"14":{"loc":{"start":{"line":203,"column":15},"end":{"line":205,"column":56}},"type":"cond-expr","locations":[{"start":{"line":204,"column":18},"end":{"line":204,"column":71}},{"start":{"line":205,"column":18},"end":{"line":205,"column":56}}]},"15":{"loc":{"start":{"line":240,"column":20},"end":{"line":242,"column":null}},"type":"cond-expr","locations":[{"start":{"line":240,"column":44},"end":{"line":240,"column":72}},{"start":{"line":241,"column":20},"end":{"line":242,"column":null}}]},"16":{"loc":{"start":{"line":241,"column":20},"end":{"line":242,"column":null}},"type":"cond-expr","locations":[{"start":{"line":241,"column":46},"end":{"line":241,"column":80}},{"start":{"line":242,"column":20},"end":{"line":242,"column":null}}]}},"s":{"0":1,"1":1,"2":1,"3":1,"4":1,"5":30,"6":30,"7":30,"8":30,"9":30,"10":0,"11":0,"12":0,"13":0,"14":0,"15":0,"16":0,"17":0,"18":0,"19":0,"20":0,"21":0,"22":0,"23":0,"24":0,"25":0,"26":0,"27":0,"28":0,"29":0,"30":0,"31":0},"f":{"0":30,"1":0,"2":0,"3":0,"4":0,"5":0,"6":0,"7":0,"8":0},"b":{"0":[7,23],"1":[6,17],"2":[7,23],"3":[0,23],"4":[7,23],"5":[13,17],"6":[7,23],"7":[0,0],"8":[0,0],"9":[0,0],"10":[0,0],"11":[0,0],"12":[0,0],"13":[0,0],"14":[0,0],"15":[0,0],"16":[0,0]}}
}
