TN:
SF:components/Breadcrumb.tsx
FN:11,Breadcrumb
FN:14,(anonymous_2)
FN:19,(anonymous_3)
FN:34,(anonymous_4)
FNF:4
FNH:4
FNDA:8,Breadcrumb
FNDA:8,(anonymous_2)
FNDA:9,(anonymous_3)
FNDA:16,(anonymous_4)
DA:3,1
DA:4,1
DA:11,1
DA:12,8
DA:14,8
DA:15,8
DA:16,8
DA:18,8
DA:19,8
DA:20,9
DA:21,9
DA:22,9
DA:25,8
DA:28,8
DA:30,8
DA:32,7
DA:35,16
LF:17
LH:17
BRDA:30,0,0,1
BRDA:36,1,0,16
BRDA:36,1,1,9
BRDA:37,2,0,7
BRDA:37,2,1,9
BRF:5
BRH:5
end_of_record
TN:
SF:components/Card.tsx
FN:3,Card
FNF:1
FNH:1
FNDA:18,Card
DA:3,3
DA:12,18
DA:14,18
LF:3
LH:3
BRDA:6,0,0,17
BRDA:22,1,0,18
BRDA:22,1,1,14
BRF:3
BRH:3
end_of_record
TN:
SF:components/ErrorBoundary.tsx
FN:16,(anonymous_1)
FN:21,(anonymous_2)
FN:25,(anonymous_3)
FN:29,(anonymous_4)
FN:40,(anonymous_5)
FNF:5
FNH:5
FNDA:12,(anonymous_1)
FNDA:10,(anonymous_2)
FNDA:5,(anonymous_3)
FNDA:22,(anonymous_4)
FNDA:1,(anonymous_5)
DA:3,1
DA:15,1
DA:17,12
DA:18,11
DA:22,10
DA:26,5
DA:30,22
DA:31,10
DA:40,1
DA:50,12
LF:10
LH:10
BRDA:30,0,0,10
BRDA:32,1,0,10
BRDA:32,1,1,8
BRDA:37,2,0,8
BRDA:37,2,1,2
BRF:5
BRH:5
end_of_record
TN:
SF:components/ImpactMap.tsx
FN:3,ImpactMap
FN:17,(anonymous_2)
FN:30,(anonymous_3)
FNF:3
FNH:3
FNDA:6,ImpactMap
FNDA:10,(anonymous_2)
FNDA:10,(anonymous_3)
DA:1,1
DA:3,1
DA:4,6
DA:18,10
DA:31,10
LF:5
LH:5
BRF:0
BRH:0
end_of_record
TN:
SF:components/LoadingState.tsx
FN:10,LoadingState
FNF:1
FNH:1
FNDA:5,LoadingState
DA:3,1
DA:10,1
DA:11,5
DA:15,5
LF:4
LH:4
BRDA:10,0,0,4
BRDA:10,1,0,4
BRDA:11,2,0,1
BRDA:11,2,1,4
BRF:4
BRH:4
end_of_record
TN:
SF:components/LoginForm.tsx
FN:7,LoginForm
FN:14,(anonymous_1)
FN:32,(anonymous_2)
FN:45,(anonymous_3)
FN:52,(anonymous_4)
FNF:5
FNH:5
FNDA:15,LoginForm
FNDA:4,(anonymous_1)
FNDA:1,(anonymous_2)
FNDA:1,(anonymous_3)
FNDA:2,(anonymous_4)
DA:3,1
DA:4,1
DA:5,1
DA:7,1
DA:8,15
DA:9,15
DA:10,15
DA:11,15
DA:12,15
DA:14,15
DA:15,4
DA:16,4
DA:17,4
DA:18,3
DA:19,3
DA:25,15
DA:32,1
DA:45,1
DA:52,2
LF:19
LH:19
BRDA:18,0,0,1
BRDA:43,1,0,1
BRDA:43,1,1,14
BRDA:55,2,0,1
BRDA:55,2,1,14
BRDA:60,3,0,15
BRDA:60,3,1,1
BRDA:71,4,0,2
BRDA:71,4,1,13
BRF:9
BRH:9
end_of_record
TN:
SF:components/NavigationHeader.tsx
FN:23,NavigationHeader
FN:30,(anonymous_2)
FN:31,(anonymous_3)
FN:35,(anonymous_4)
FN:38,(anonymous_5)
FN:44,(anonymous_6)
FN:48,(anonymous_7)
FN:82,(anonymous_8)
FN:137,(anonymous_9)
FN:156,(anonymous_10)
FN:160,(anonymous_11)
FN:193,(anonymous_12)
FN:200,(anonymous_13)
FNF:13
FNH:10
FNDA:17,NavigationHeader
FNDA:12,(anonymous_2)
FNDA:1,(anonymous_3)
FNDA:12,(anonymous_4)
FNDA:2,(anonymous_5)
FNDA:80,(anonymous_6)
FNDA:16,(anonymous_7)
FNDA:62,(anonymous_8)
FNDA:3,(anonymous_9)
FNDA:11,(anonymous_10)
FNDA:0,(anonymous_11)
FNDA:0,(anonymous_12)
FNDA:0,(anonymous_13)
DA:3,1
DA:4,1
DA:5,1
DA:6,1
DA:15,1
DA:23,1
DA:24,17
DA:25,16
DA:26,16
DA:27,16
DA:28,16
DA:30,16
DA:31,12
DA:32,1
DA:34,12
DA:35,12
DA:38,16
DA:39,2
DA:40,2
DA:41,2
DA:44,16
DA:45,80
DA:48,16
DA:50,16
DA:83,62
DA:137,3
DA:157,11
DA:160,0
DA:193,0
DA:200,0
LF:30
LH:27
BRDA:45,0,0,80
BRDA:45,0,1,32
BRDA:45,0,2,32
BRDA:48,1,0,16
BRDA:48,1,1,0
BRDA:54,2,0,0
BRDA:54,2,1,16
BRDA:87,3,0,32
BRDA:87,3,1,30
BRDA:100,4,0,7
BRDA:100,4,1,9
BRDA:104,5,0,7
BRDA:104,5,1,1
BRDA:141,6,0,3
BRDA:141,6,1,13
BRDA:153,7,0,16
BRDA:153,7,1,3
BRDA:162,8,0,6
BRDA:162,8,1,5
BRDA:172,9,0,1
BRDA:172,9,1,2
BRDA:176,10,0,1
BRDA:176,10,1,0
BRF:23
BRH:20
end_of_record
TN:
SF:components/PolicyFlow.tsx
FN:1,PolicyFlow
FN:15,(anonymous_1)
FNF:2
FNH:2
FNDA:4,PolicyFlow
FNDA:24,(anonymous_1)
DA:1,1
DA:2,4
DA:11,4
DA:16,24
LF:4
LH:4
BRDA:21,0,0,8
BRDA:21,0,1,16
BRDA:33,1,0,8
BRDA:33,1,1,16
BRF:4
BRH:4
end_of_record
TN:
SF:components/PredictiveAnalytics.tsx
FN:25,generatePredictions
FN:69,TimelineVisualization
FN:77,(anonymous_2)
FN:110,ScenarioAnalysis
FN:121,(anonymous_4)
FN:141,PredictiveAnalytics
FN:142,(anonymous_6)
FN:144,(anonymous_7)
FN:234,(anonymous_8)
FNF:9
FNH:8
FNDA:42,generatePredictions
FNDA:12,TimelineVisualization
FNDA:48,(anonymous_2)
FNDA:12,ScenarioAnalysis
FNDA:36,(anonymous_4)
FNDA:12,PredictiveAnalytics
FNDA:12,(anonymous_6)
FNDA:0,(anonymous_7)
FNDA:48,(anonymous_8)
DA:3,2
DA:4,2
DA:5,2
DA:25,2
DA:26,42
DA:27,42
DA:28,42
DA:29,42
DA:31,42
DA:70,12
DA:78,48
DA:111,12
DA:113,12
DA:122,36
DA:141,2
DA:142,12
DA:144,12
DA:145,0
DA:146,0
DA:147,0
DA:148,0
DA:149,0
DA:150,0
DA:151,0
DA:152,0
DA:153,0
DA:154,0
DA:155,0
DA:156,0
DA:159,12
DA:235,48
LF:31
LH:19
BRDA:29,0,0,8
BRDA:29,0,1,34
BRDA:29,1,0,9
BRDA:29,1,1,25
BRDA:40,2,0,7
BRDA:40,2,1,35
BRDA:40,3,0,1
BRDA:40,3,1,34
BRDA:46,4,0,8
BRDA:46,4,1,34
BRDA:52,5,0,14
BRDA:52,5,1,28
BRDA:58,6,0,7
BRDA:58,6,1,35
BRDA:82,7,0,2
BRDA:82,7,1,46
BRDA:83,8,0,23
BRDA:83,8,1,23
BRDA:93,9,0,2
BRDA:93,9,1,46
BRDA:94,10,0,23
BRDA:94,10,1,23
BRDA:151,11,0,0
BRDA:151,11,1,0
BRDA:198,12,0,11
BRDA:198,12,1,1
BRDA:199,13,0,11
BRDA:199,13,1,1
BRDA:203,14,0,11
BRDA:203,14,1,1
BRDA:240,15,0,2
BRDA:240,15,1,46
BRDA:241,16,0,23
BRDA:241,16,1,23
BRF:34
BRH:32
end_of_record
TN:
SF:components/QuickActions.tsx
FN:19,QuickActions
FN:34,(anonymous_1)
FN:38,(anonymous_2)
FNF:3
FNH:3
FNDA:8,QuickActions
FNDA:13,(anonymous_1)
FNDA:2,(anonymous_2)
DA:3,1
DA:19,1
DA:20,8
DA:22,8
DA:35,13
DA:38,2
DA:57,1
DA:78,1
DA:99,1
DA:120,1
LF:10
LH:10
BRDA:19,0,0,7
BRDA:38,1,0,1
BRDA:38,1,1,1
BRF:3
BRH:3
end_of_record
TN:
SF:components/RiskChart.tsx
FN:3,RiskChart
FN:15,(anonymous_2)
FNF:2
FNH:2
FNDA:8,RiskChart
FNDA:14,(anonymous_2)
DA:1,1
DA:3,1
DA:4,8
DA:7,6
DA:13,6
DA:16,14
DA:18,14
LF:7
LH:7
BRDA:4,0,0,2
BRDA:4,1,0,8
BRDA:4,1,1,7
BRDA:30,2,0,14
BRDA:30,2,1,0
BRF:5
BRH:4
end_of_record
TN:
SF:components/SentimentDashboard.tsx
FN:5,SentimentGauge
FN:28,ThemeAnalysis
FN:31,(anonymous_2)
FN:61,PlatformBreakdown
FN:62,(anonymous_4)
FN:66,(anonymous_5)
FN:76,SentimentDashboard
FNF:7
FNH:7
FNDA:13,SentimentGauge
FNDA:13,ThemeAnalysis
FNDA:39,(anonymous_2)
FNDA:26,PlatformBreakdown
FNDA:78,(anonymous_4)
FNDA:78,(anonymous_5)
FNDA:13,SentimentDashboard
DA:6,13
DA:8,13
DA:29,13
DA:32,39
DA:62,78
DA:64,26
DA:67,78
DA:76,1
DA:77,13
LF:9
LH:9
BRDA:41,0,0,13
BRDA:41,0,1,26
BRDA:42,1,0,13
BRDA:42,1,1,13
BRDA:45,2,0,26
BRDA:45,2,1,13
BRDA:48,3,0,13
BRDA:48,3,1,26
BRDA:49,4,0,13
BRDA:49,4,1,13
BRDA:52,5,0,13
BRDA:52,5,1,26
BRDA:52,6,0,13
BRDA:52,6,1,13
BRF:14
BRH:14
end_of_record
TN:
SF:components/SignupForm.tsx
FN:7,SignupForm
FN:18,(anonymous_1)
FN:48,(anonymous_2)
FN:59,(anonymous_3)
FN:71,(anonymous_4)
FN:84,(anonymous_5)
FN:91,(anonymous_6)
FN:104,(anonymous_7)
FNF:8
FNH:7
FNDA:32,SignupForm
FNDA:6,(anonymous_1)
FNDA:0,(anonymous_2)
FNDA:1,(anonymous_3)
FNDA:1,(anonymous_4)
FNDA:6,(anonymous_5)
FNDA:1,(anonymous_6)
FNDA:6,(anonymous_7)
DA:3,1
DA:4,1
DA:5,1
DA:7,1
DA:8,32
DA:9,32
DA:10,32
DA:11,32
DA:12,32
DA:13,32
DA:14,32
DA:15,32
DA:16,32
DA:18,32
DA:19,6
DA:20,6
DA:22,6
DA:23,1
DA:24,1
DA:27,5
DA:28,1
DA:29,1
DA:32,4
DA:33,4
DA:34,3
DA:35,3
DA:41,32
DA:48,0
DA:59,1
DA:71,1
DA:84,6
DA:91,1
DA:104,6
LF:33
LH:32
BRDA:22,0,0,1
BRDA:27,1,0,1
BRDA:34,2,0,1
BRDA:82,3,0,1
BRDA:82,3,1,31
BRDA:94,4,0,1
BRDA:94,4,1,31
BRDA:102,5,0,1
BRDA:102,5,1,31
BRDA:111,6,0,32
BRDA:111,6,1,31
BRDA:111,6,2,3
BRDA:113,7,0,3
BRDA:113,7,1,2
BRDA:122,8,0,1
BRDA:122,8,1,31
BRF:16
BRH:16
end_of_record
TN:
SF:components/Spinner.tsx
FN:1,Spinner
FNF:1
FNH:1
FNDA:12,Spinner
DA:1,2
DA:2,12
DA:3,12
DA:5,12
LF:4
LH:4
BRDA:1,0,0,0
BRDA:2,1,0,7
BRDA:2,1,1,5
BRDA:2,2,0,2
BRDA:2,2,1,3
BRDA:3,3,0,12
BRDA:3,3,1,10
BRDA:11,4,0,12
BRDA:11,4,1,3
BRF:9
BRH:8
end_of_record
TN:
SF:components/Toast.tsx
FN:9,Toast
FNF:1
FNH:1
FNDA:11,Toast
DA:9,1
DA:10,11
DA:17,11
DA:24,11
LF:4
LH:4
BRF:0
BRH:0
end_of_record
TN:
SF:contexts/AuthContext.tsx
FN:17,AuthProvider
FN:26,(anonymous_7)
FN:35,(anonymous_8)
FN:43,(anonymous_9)
FN:101,(anonymous_10)
FN:109,(anonymous_11)
FN:150,(anonymous_12)
FN:164,useAuth
FNF:8
FNH:6
FNDA:42,AuthProvider
FNDA:15,(anonymous_7)
FNDA:8,(anonymous_8)
FNDA:0,(anonymous_9)
FNDA:5,(anonymous_10)
FNDA:0,(anonymous_11)
FNDA:1,(anonymous_12)
FNDA:47,useAuth
DA:3,1
DA:15,1
DA:17,1
DA:18,42
DA:19,42
DA:20,42
DA:21,42
DA:23,42
DA:26,42
DA:27,15
DA:28,15
DA:29,15
DA:30,2
DA:31,2
DA:35,42
DA:36,8
DA:37,8
DA:38,8
DA:39,8
DA:40,8
DA:42,8
DA:43,8
DA:45,8
DA:52,5
DA:54,5
DA:55,2
DA:56,2
DA:57,2
DA:58,2
DA:59,2
DA:60,2
DA:62,2
DA:65,3
DA:66,3
DA:67,3
DA:68,3
DA:71,3
DA:72,3
DA:76,2
DA:77,2
DA:78,2
DA:79,2
DA:82,1
DA:83,1
DA:86,5
DA:88,5
DA:89,1
DA:90,4
DA:91,1
DA:93,3
DA:95,5
DA:97,8
DA:101,42
DA:102,5
DA:103,5
DA:104,5
DA:105,5
DA:106,5
DA:108,5
DA:109,5
DA:111,5
DA:118,2
DA:120,2
DA:121,1
DA:122,1
DA:123,1
DA:124,1
DA:125,1
DA:126,1
DA:128,1
DA:131,1
DA:133,1
DA:135,4
DA:137,4
DA:138,1
DA:139,3
DA:140,1
DA:142,2
DA:144,4
DA:146,5
DA:150,42
DA:151,1
DA:152,1
DA:153,1
DA:154,1
DA:157,42
DA:164,1
DA:165,47
DA:166,46
DA:167,4
DA:169,42
LF:91
LH:91
BRDA:23,0,0,42
BRDA:23,0,1,42
BRDA:29,1,0,2
BRDA:29,2,0,15
BRDA:29,2,1,2
BRDA:54,3,0,2
BRDA:60,4,0,2
BRDA:60,4,1,1
BRDA:76,5,0,2
BRDA:88,6,0,1
BRDA:88,6,1,4
BRDA:90,7,0,1
BRDA:90,7,1,3
BRDA:120,8,0,1
BRDA:126,9,0,1
BRDA:126,9,1,0
BRDA:137,10,0,1
BRDA:137,10,1,3
BRDA:139,11,0,1
BRDA:139,11,1,2
BRDA:166,12,0,4
BRF:21
BRH:20
end_of_record
TN:
SF:lib/api.ts
FN:42,analyzePolicy
FN:52,(anonymous_1)
FN:58,analyzeSentiment
FN:68,(anonymous_3)
FNF:4
FNH:4
FNDA:6,analyzePolicy
FNDA:1,(anonymous_1)
FNDA:5,analyzeSentiment
FNDA:1,(anonymous_3)
DA:42,1
DA:43,6
DA:45,6
DA:51,5
DA:52,2
DA:53,2
DA:55,3
DA:58,1
DA:59,5
DA:61,5
DA:67,5
DA:68,2
DA:69,2
DA:71,3
LF:14
LH:14
BRDA:51,0,0,2
BRDA:53,1,0,2
BRDA:53,1,1,1
BRDA:67,2,0,2
BRDA:69,3,0,2
BRDA:69,3,1,1
BRF:6
BRH:6
end_of_record
