TN:
SF:components/Card.tsx
FN:3,Card
FNF:1
FNH:0
FNDA:0,Card
DA:3,1
DA:12,0
DA:14,0
LF:3
LH:1
BRDA:6,0,0,0
BRDA:22,1,0,0
BRDA:22,1,1,0
BRF:3
BRH:0
end_of_record
TN:
SF:components/PredictiveAnalytics.tsx
FN:25,generatePredictions
FN:69,TimelineVisualization
FN:77,(anonymous_2)
FN:110,ScenarioAnalysis
FN:121,(anonymous_4)
FN:141,PredictiveAnalytics
FN:142,(anonymous_6)
FN:144,(anonymous_7)
FN:234,(anonymous_8)
FNF:9
FNH:1
FNDA:30,generatePredictions
FNDA:0,TimelineVisualization
FNDA:0,(anonymous_2)
FNDA:0,ScenarioAnalysis
FNDA:0,(anonymous_4)
FNDA:0,PredictiveAnalytics
FNDA:0,(anonymous_6)
FNDA:0,(anonymous_7)
FNDA:0,(anonymous_8)
DA:3,1
DA:4,1
DA:5,1
DA:25,1
DA:26,30
DA:27,30
DA:28,30
DA:29,30
DA:31,30
DA:70,0
DA:78,0
DA:111,0
DA:113,0
DA:122,0
DA:141,1
DA:142,0
DA:144,0
DA:145,0
DA:146,0
DA:147,0
DA:148,0
DA:149,0
DA:150,0
DA:151,0
DA:152,0
DA:153,0
DA:154,0
DA:155,0
DA:156,0
DA:159,0
DA:235,0
LF:31
LH:10
BRDA:29,0,0,7
BRDA:29,0,1,23
BRDA:29,1,0,6
BRDA:29,1,1,17
BRDA:40,2,0,7
BRDA:40,2,1,23
BRDA:40,3,0,0
BRDA:40,3,1,23
BRDA:46,4,0,7
BRDA:46,4,1,23
BRDA:52,5,0,13
BRDA:52,5,1,17
BRDA:58,6,0,7
BRDA:58,6,1,23
BRDA:82,7,0,0
BRDA:82,7,1,0
BRDA:83,8,0,0
BRDA:83,8,1,0
BRDA:93,9,0,0
BRDA:93,9,1,0
BRDA:94,10,0,0
BRDA:94,10,1,0
BRDA:151,11,0,0
BRDA:151,11,1,0
BRDA:198,12,0,0
BRDA:198,12,1,0
BRDA:199,13,0,0
BRDA:199,13,1,0
BRDA:203,14,0,0
BRDA:203,14,1,0
BRDA:240,15,0,0
BRDA:240,15,1,0
BRDA:241,16,0,0
BRDA:241,16,1,0
BRF:34
BRH:13
end_of_record
